#
# A fatal error has been detected by the Java Runtime Environment:
#
#  Internal Error (jvmciRuntime.cpp:1609), pid=10696, tid=10710
#  fatal error: Fatal exception in JVMCI: Error calling jdk.vm.ci.services.Services.serializeSavedProperties
#
# JRE version: OpenJDK Runtime Environment GraalVM CE 22.3.0 (17.0.5+8) (build 17.0.5+8-jvmci-22.3-b08)
# Java VM: OpenJDK 64-Bit Server VM GraalVM CE 22.3.0 (17.0.5+8-jvmci-22.3-b08, mixed mode, sharing, tiered, jvmci, jvmci compiler, compressed oops, compressed class ptrs, parallel gc, linux-amd64)
# Problematic frame:
# V  [libjvm.so+0x972714]  JVMCIRuntime::fatal_exception(JVMCIEnv*, char const*)+0x74
#
# Core dump will be written. Default location: Core dumps may be processed with "/usr/share/apport/apport -p%p -s%s -c%c -d%d -P%P -u%u -g%g -- %E" (or dumping to /home/runner/Quiz1Java/core.10696)
#
# If you would like to submit a bug report, please visit:
#   https://github.com/oracle/graal/issues
#

---------------  S U M M A R Y ------------

Command Line: -XX:ThreadPriorityPolicy=1 -XX:+UnlockExperimentalVMOptions -XX:+EnableJVMCIProduct -XX:JVMCIThreadsPerNativeLibraryRuntime=1 -XX:-UnlockExperimentalVMOptions -Declipse.application=org.eclipse.jdt.ls.core.id1 -Dosgi.bundles.defaultStartLevel=4 -Declipse.product=org.eclipse.jdt.ls.core.product -Dlog.level=ALL -Xverify:none -XX:+UseParallelGC -XX:GCTimeRatio=4 -XX:AdaptiveSizePolicyWeight=90 -Dsun.zip.disableMemoryMapping=true -Xmx512m -Xms100m /nix/store/m6gcpi1ii6rghy04cjwjddcavv7i90df-jdt-language-server-1.9.0/share/java/plugins/org.eclipse.equinox.launcher_1.6.400.v20210924-0641.jar --add-modules=ALL-SYSTEM --add-opens java.base/java.util=ALL-UNNAMED --add-opens java.base/java.lang=ALL-UNNAMED -configuration /home/runner/.cache/jdt-language-server/config -data /home/runner/.cache/jdt-language-server/data/home/runner/Quiz1Java

Host: AMD EPYC 7B12, 8 cores, 1G, Ubuntu 20.04.2 LTS
Time: Fri Apr 14 15:13:19 2023 UTC elapsed time: 921.867077 seconds (0d 0h 15m 21s)

---------------  T H R E A D  ---------------

Current thread (0x00007fea400b21d0):  JavaThread "JVMCI-native CompilerThread0" daemon [_thread_in_vm, id=10710, stack(0x00007fea26800000,0x00007fea26a00000)]


Current CompileTask:
JVMCI-native: 921867 8622 %     4       java.lang.Integer::parseInt @ 175 (264 bytes)

Stack: [0x00007fea26800000,0x00007fea26a00000],  sp=0x00007fea269fe380,  free space=2040k
Native frames: (J=compiled Java code, j=interpreted, Vv=VM code, C=native code)
V  [libjvm.so+0x972714]  JVMCIRuntime::fatal_exception(JVMCIEnv*, char const*)+0x74
V  [libjvm.so+0x93e2fe]  JVMCIEnv::copy_saved_properties()+0x14e
V  [libjvm.so+0x9732a9]  JVMCIRuntime::initialize(JVMCIEnv*)+0xb19
V  [libjvm.so+0x9738a2]  JVMCIRuntime::get_HotSpotJVMCIRuntime(JVMCIEnv*)+0x12
V  [libjvm.so+0x9749f2]  JVMCIRuntime::compile_method(JVMCIEnv*, JVMCICompiler*, methodHandle const&, int)+0xd2
V  [libjvm.so+0x5b0d20]  CompileBroker::invoke_compiler_on_method(CompileTask*)+0x1470
V  [libjvm.so+0x5b12e8]  CompileBroker::compiler_thread_loop()+0x528
V  [libjvm.so+0xd82460]  JavaThread::thread_main_inner()+0xd0
V  [libjvm.so+0xd85a40]  Thread::call_run()+0xc0
V  [libjvm.so+0xbdb1e1]  thread_native_entry(Thread*)+0xe1

Register to memory mapping:

RAX=0x00007fea464c4000 points into unknown readable memory: 0x0000000000000058 | 58 00 00 00 00 00 00 00
RBX=0x00007fea475bf398: <offset 0x0000000000ef5398> in /nix/store/gpxl5qgg8kicmcvivwmybwjlpf7wh20l-graalvm17-ce-22.3.0/lib/server/libjvm.so at 0x00007fea466ca000
RCX=0x00007fea475771e8: <offset 0x0000000000ead1e8> in /nix/store/gpxl5qgg8kicmcvivwmybwjlpf7wh20l-graalvm17-ce-22.3.0/lib/server/libjvm.so at 0x00007fea466ca000
RDX=0x0000000000000649 is an unknown value
RSP=0x00007fea269fe380 is pointing into the stack for thread: 0x00007fea400b21d0
RBP=0x00007fea269fe3a0 is pointing into the stack for thread: 0x00007fea400b21d0
RSI=0x00007fea475bfc48: <offset 0x0000000000ef5c48> in /nix/store/gpxl5qgg8kicmcvivwmybwjlpf7wh20l-graalvm17-ce-22.3.0/lib/server/libjvm.so at 0x00007fea466ca000
RDI=0x00000000e0000000 is an oop: java.util.jar.Attributes 
{0x00000000e0000000} - klass: 'java/util/jar/Attributes'
 - ---- fields (total size 2 words):
 - protected 'map' 'Ljava/util/Map;' @12  a 'java/util/LinkedHashMap'{0x00000000e0000010} (e0000010)
R8 =0x00007fea475bf398: <offset 0x0000000000ef5398> in /nix/store/gpxl5qgg8kicmcvivwmybwjlpf7wh20l-graalvm17-ce-22.3.0/lib/server/libjvm.so at 0x00007fea466ca000
R9 =0x00007fea269fe330 is pointing into the stack for thread: 0x00007fea400b21d0
R10=0x00007fea269ff948 is pointing into the stack for thread: 0x00007fea400b21d0
R11=0x0000000000000293 is an unknown value
R12=0x0 is NULL
R13=0x00007fea400b21d0 is a thread
R14=0x00007fea40000b80 points into unknown readable memory: 0x00007fea477f0a38 | 38 0a 7f 47 ea 7f 00 00
R15=0x00007fea478fee40: <offset 0x0000000001234e40> in /nix/store/gpxl5qgg8kicmcvivwmybwjlpf7wh20l-graalvm17-ce-22.3.0/lib/server/libjvm.so at 0x00007fea466ca000


Registers:
RAX=0x00007fea464c4000, RBX=0x00007fea475bf398, RCX=0x00007fea475771e8, RDX=0x0000000000000649
RSP=0x00007fea269fe380, RBP=0x00007fea269fe3a0, RSI=0x00007fea475bfc48, RDI=0x00000000e0000000
R8 =0x00007fea475bf398, R9 =0x00007fea269fe330, R10=0x00007fea269ff948, R11=0x0000000000000293
R12=0x0000000000000000, R13=0x00007fea400b21d0, R14=0x00007fea40000b80, R15=0x00007fea478fee40
RIP=0x00007fea4703c714, EFLAGS=0x0000000000010206, CSGSFS=0x002b000000000033, ERR=0x0000000000000006
  TRAPNO=0x000000000000000e

Top of Stack: (sp=0x00007fea269fe380)
0x00007fea269fe380:   00007fea269fe940 00007fea400b21d0
0x00007fea269fe390:   00007fea44e558c8 0000000800c405e8
0x00007fea269fe3a0:   00007fea269fe500 00007fea470082fe
0x00007fea269fe3b0:   00007fea269fe3e0 00007fea269fe440 

Instructions: (pc=0x00007fea4703c714)
0x00007fea4703c614:   30 e8 f6 cf e8 ff 4c 89 e7 e8 2e 48 d1 ff 84 db
0x00007fea4703c624:   75 2a 4d 85 ed 74 04 4d 8b 6d 00 48 83 c4 08 44
0x00007fea4703c634:   89 f9 4c 89 f2 4c 89 ee 5b 4c 89 e7 41 5c 41 5d
0x00007fea4703c644:   41 5e 41 5f 5d e9 e2 47 d1 ff 66 90 48 83 c4 08
0x00007fea4703c654:   5b 41 5c 41 5d 41 5e 41 5f 5d c3 90 31 d2 be 08
0x00007fea4703c664:   00 00 00 4c 89 ff e8 b1 78 a3 ff 49 89 c5 e9 37
0x00007fea4703c674:   ff ff ff 66 0f 1f 84 00 00 00 00 00 48 8b 7a 08
0x00007fea4703c684:   e9 6d ff ff ff 0f 1f 80 00 00 00 00 e8 5b 48 0a
0x00007fea4703c694:   00 84 c0 75 89 e9 6a ff ff ff 66 90 55 48 89 e5
0x00007fea4703c6a4:   41 56 41 55 41 54 49 89 fc 53 48 89 f3 66 48 8d
0x00007fea4703c6b4:   3d 27 5e 85 00 66 66 48 e8 df 43 8d ff 4c 8b 28
0x00007fea4703c6c4:   8b 05 be 72 8a 00 85 c0 75 14 ba 01 00 00 00 48
0x00007fea4703c6d4:   8d 0d ae 72 8a 00 f0 0f b1 11 85 c0 74 4e be c8
0x00007fea4703c6e4:   00 00 00 4c 89 ef e8 01 0b 41 00 48 8d 05 12 ac
0x00007fea4703c6f4:   85 00 49 89 d8 48 8d 0d e8 aa 53 00 ba 49 06 00
0x00007fea4703c704:   00 48 8d 35 3c 35 58 00 bf 00 00 00 e0 48 8b 00
0x00007fea4703c714:   c6 00 58 31 c0 e8 e2 91 c6 ff 5b 41 5c 41 5d 41
0x00007fea4703c724:   5e 5d e9 55 34 26 00 0f 1f 44 00 00 48 8d 05 81
0x00007fea4703c734:   a3 8b 00 48 89 df 4c 8b 30 e8 9e 43 8d ff 48 89
0x00007fea4703c744:   de 48 89 c2 49 8b 06 4c 89 f7 ff 50 08 4c 89 f7
0x00007fea4703c754:   e8 a7 5c 27 00 4d 85 e4 74 12 be 01 00 00 00 4c
0x00007fea4703c764:   89 e7 e8 35 43 fc ff eb 82 0f 1f 00 be 01 00 00
0x00007fea4703c774:   00 4c 89 ef e8 d3 fd ff ff e9 6d ff ff ff 66 66
0x00007fea4703c784:   2e 0f 1f 84 00 00 00 00 00 0f 1f 00 55 48 89 e5
0x00007fea4703c794:   41 57 41 56 41 55 41 54 53 48 81 ec 08 02 00 00
0x00007fea4703c7a4:   64 48 8b 04 25 28 00 00 00 48 89 45 c8 8b 07 83
0x00007fea4703c7b4:   f8 02 0f 84 11 04 00 00 4c 8b 6f 18 49 89 ff 49
0x00007fea4703c7c4:   89 f4 4d 85 ed 74 14 4c 89 ef e8 5d 57 22 00 41
0x00007fea4703c7d4:   8b 07 83 f8 02 0f 84 19 04 00 00 48 8d 1d 9a 06
0x00007fea4703c7e4:   8a 00 4c 8d 35 0b 3c 58 00 eb 38 90 48 85 d2 7f
0x00007fea4703c7f4:   0d 48 8d 05 b4 c0 85 00 48 83 38 00 7e 0e 41 8b
0x00007fea4703c804:   77 2c 4c 89 f7 31 c0 e8 a0 b2 f7 ff 49 8b 7f 18 


Stack slot to memory mapping:
stack at sp + 0 slots: 0x00007fea269fe940 is pointing into the stack for thread: 0x00007fea400b21d0
stack at sp + 1 slots: 0x00007fea400b21d0 is a thread
stack at sp + 2 slots: 0x00007fea44e558c8 points into unknown readable memory: 0x65730018e552ffff | ff ff 52 e5 18 00 73 65
stack at sp + 3 slots: 0x0000000800c405e8 is a pointer to class: 
jdk.vm.ci.services.Services {0x0000000800c405e8}
 - instance size:     2
 - klass size:        65
 - access:            public final synchronized 
 - state:             fully_initialized
 - name:              'jdk/vm/ci/services/Services'
 - super:             'java/lang/Object'
 - sub:               
 - arrays:            NULL
 - methods:           Array<T>(0x00007fea26c3ad98)
 - method ordering:   Array<T>(0x0000000800928960)
 - default_methods:   Array<T>(0x0000000000000000)
 - local interfaces:  Array<T>(0x00000008005ce810)
 - trans. interfaces: Array<T>(0x00000008005ce810)
 - constants:         constant pool [427] {0x00007fea26c39e78} for 'jdk/vm/ci/services/Services' cache=0x00007fea26c3c068
 - class loader data:  loader data: 0x00007fea400283f0 of 'bootstrap'
 - source file:       'Services.java'
 - class annotations:       Array<T>(0x0000000000000000)
 - class type annotations:  Array<T>(0x0000000000000000)
 - field annotations:       Array<T>(0x0000000000000000)
 - field type annotations:  Array<T>(0x0000000000000000)
 - inner classes:     Array<T>(0x00007fea26c3c038)
 - nest members:     Array<T>(0x00007fea26c3c058)
 - permitted subclasses:     Array<T>(0x00000008005ce7a0)
 - java mirror:       a 'java/lang/Class'{0x00000000e02af260} = 'jdk/vm/ci/services/Services'
 - vtable length      5  (start addr: 0x0000000800c407b8)
 - itable length      2 (start addr: 0x0000000800c407e0)
 - ---- static fields (3 words):
 - public static final 'IS_BUILDING_NATIVE_IMAGE' 'Z' @128 
 - public static final 'IS_IN_NATIVE_IMAGE' 'Z' @129 
 - private static volatile 'savedProperties' 'Ljava/util/Map;' @112 
 - static final 'JVMCI_ENABLED' 'Z' @130 
 - private static final 'servicesCache' 'Ljava/util/Map;' @116 
 - private static final 'MAX_UNICODE_IN_UTF8_LENGTH' 'I' @120 
 - private static final 'MAX_UTF8_PROPERTY_STRING_LENGTH' 'I' @124 
 - ---- non-static fields (0 words):
 - non-static oop maps: 
stack at sp + 4 slots: 0x00007fea269fe500 is pointing into the stack for thread: 0x00007fea400b21d0
stack at sp + 5 slots: 0x00007fea470082fe: <offset 0x000000000093e2fe> in /nix/store/gpxl5qgg8kicmcvivwmybwjlpf7wh20l-graalvm17-ce-22.3.0/lib/server/libjvm.so at 0x00007fea466ca000
stack at sp + 6 slots: 0x00007fea269fe3e0 is pointing into the stack for thread: 0x00007fea400b21d0
stack at sp + 7 slots: 0x00007fea269fe440 is pointing into the stack for thread: 0x00007fea400b21d0


---------------  P R O C E S S  ---------------

Threads class SMR info:
_java_thread_list=0x00007fe9b02a1410, length=24, elements={
0x00007fea40026690, 0x00007fea400a64d0, 0x00007fea400a7910, 0x00007fea400ae040,
0x00007fea400af3f0, 0x00007fea400b07e0, 0x00007fea400b21d0, 0x00007fea400b36e0,
0x00007fea400b4b30, 0x00007fea400d7d30, 0x00007fea4011fa00, 0x00007fea402c5340,
0x00007fea4030d630, 0x00007fea40310130, 0x00007fe9d402c010, 0x00007fe9d445db10,
0x00007fe9c40010d0, 0x00007fe9d4680aa0, 0x00007fe9d4768e40, 0x00007fea40365670,
0x00007fea403fba40, 0x00007fe9cc23d900, 0x00007fe9bc461100, 0x00007fe9b0002180
}

Java Threads: ( => current thread )
  0x00007fea40026690 JavaThread "main" [_thread_blocked, id=10702, stack(0x00007fea464e5000,0x00007fea465e5000)]
  0x00007fea400a64d0 JavaThread "Reference Handler" daemon [_thread_blocked, id=10705, stack(0x00007fea444fc000,0x00007fea445fc000)]
  0x00007fea400a7910 JavaThread "Finalizer" daemon [_thread_blocked, id=10706, stack(0x00007fea443fc000,0x00007fea444fc000)]
  0x00007fea400ae040 JavaThread "Signal Dispatcher" daemon [_thread_blocked, id=10707, stack(0x00007fea44016000,0x00007fea44116000)]
  0x00007fea400af3f0 JavaThread "Service Thread" daemon [_thread_blocked, id=10708, stack(0x00007fea26b00000,0x00007fea26c00000)]
  0x00007fea400b07e0 JavaThread "Monitor Deflation Thread" daemon [_thread_blocked, id=10709, stack(0x00007fea26a00000,0x00007fea26b00000)]
=>0x00007fea400b21d0 JavaThread "JVMCI-native CompilerThread0" daemon [_thread_in_vm, id=10710, stack(0x00007fea26800000,0x00007fea26a00000)]
  0x00007fea400b36e0 JavaThread "C1 CompilerThread0" daemon [_thread_blocked, id=10711, stack(0x00007fea26600000,0x00007fea26800000)]
  0x00007fea400b4b30 JavaThread "Sweeper thread" daemon [_thread_blocked, id=10712, stack(0x00007fea26500000,0x00007fea26600000)]
  0x00007fea400d7d30 JavaThread "Common-Cleaner" daemon [_thread_blocked, id=10713, stack(0x00007fea26400000,0x00007fea26500000)]
  0x00007fea4011fa00 JavaThread "Notification Thread" daemon [_thread_blocked, id=10714, stack(0x00007fea26300000,0x00007fea26400000)]
  0x00007fea402c5340 JavaThread "Active Thread: Equinox Container: 599d0349-4bec-4fbe-b642-ebcfe067e4a6" [_thread_blocked, id=10727, stack(0x00007fea24f00000,0x00007fea25000000)]
  0x00007fea4030d630 JavaThread "Framework Event Dispatcher: Equinox Container: 599d0349-4bec-4fbe-b642-ebcfe067e4a6" daemon [_thread_blocked, id=10728, stack(0x00007fea24d00000,0x00007fea24e00000)]
  0x00007fea40310130 JavaThread "Start Level: Equinox Container: 599d0349-4bec-4fbe-b642-ebcfe067e4a6" daemon [_thread_blocked, id=10729, stack(0x00007fea24b00000,0x00007fea24c00000)]
  0x00007fe9d402c010 JavaThread "SCR Component Actor" daemon [_thread_blocked, id=10730, stack(0x00007fea24900000,0x00007fea24a00000)]
  0x00007fe9d445db10 JavaThread "Worker-JM" [_thread_blocked, id=10740, stack(0x00007fea24500000,0x00007fea24600000)]
  0x00007fe9c40010d0 JavaThread "Worker-1: Java indexing... " [_thread_blocked, id=10750, stack(0x00007fea24100000,0x00007fea24200000)]
  0x00007fe9d4680aa0 JavaThread "Java indexing" daemon [_thread_blocked, id=10752, stack(0x00007fe9ed900000,0x00007fe9eda00000)]
  0x00007fe9d4768e40 JavaThread "Bundle File Closer" daemon [_thread_blocked, id=10753, stack(0x00007fe9ed700000,0x00007fe9ed800000)]
  0x00007fea40365670 JavaThread "pool-3-thread-1" [_thread_blocked, id=10762, stack(0x00007fe9ed500000,0x00007fe9ed600000)]
  0x00007fea403fba40 JavaThread "pool-2-thread-1" [_thread_blocked, id=10763, stack(0x00007fe9ed300000,0x00007fe9ed400000)]
  0x00007fe9cc23d900 JavaThread "Worker-4: Publish Diagnostics" [_thread_blocked, id=10922, stack(0x00007fe9ed100000,0x00007fe9ed200000)]
  0x00007fe9bc461100 JavaThread "Worker-5: Compacting resource model" [_thread_blocked, id=10928, stack(0x00007fea24c00000,0x00007fea24d00000)]
  0x00007fe9b0002180 JavaThread "Worker-6" [_thread_blocked, id=11281, stack(0x00007fea24700000,0x00007fea24800000)]

Other Threads:
  0x00007fea400a1c10 VMThread "VM Thread" [stack: 0x00007fea445fe000,0x00007fea446fe000] [id=10704] _threads_hazard_ptr=0x00007fe9b02a1410
  0x00007fea401213a0 WatcherThread [stack: 0x00007fea26200000,0x00007fea26300000] [id=10715]
  0x00007fea4003df30 GCTaskThread "GC Thread#0" [stack: 0x00007fea460a8000,0x00007fea461a8000] [id=10703]

Threads with active compile tasks:
JVMCI-native CompilerThread0   921948 8622 %     4       java.lang.Integer::parseInt @ 175 (264 bytes)

VM state: synchronizing (normal execution)

VM Mutex/Monitor currently owned by a thread:  ([mutex/lock_event])
[0x00007fea40023840] Threads_lock - owner thread: 0x00007fea400a1c10
[0x00007fea40023ff0] Heap_lock - owner thread: 0x00007fe9d4680aa0

OutOfMemory and StackOverflow Exception counts:
OutOfMemoryError java_heap_errors=4
LinkageErrors=58

Heap address: 0x00000000e0000000, size: 512 MB, Compressed Oops mode: 32-bit

CDS archive(s) mapped at: [0x0000000800000000-0x0000000800bc8000-0x0000000800bc8000), size 12353536, SharedBaseAddress: 0x0000000800000000, ArchiveRelocationMode: 0.
Compressed class space mapped at: 0x0000000800c00000-0x0000000840c00000, reserved size: 1073741824
Narrow klass base: 0x0000000800000000, Narrow klass shift: 0, Narrow klass range: 0x100000000

GC Precious Log:
 CPUs: 8 total, 1 available
 Memory: 1024M
 Large Page Support: Disabled
 NUMA Support: Disabled
 Compressed Oops: Enabled (32-bit)
 Alignments: Space 512K, Generation 512K, Heap 2M
 Heap Min Capacity: 100M
 Heap Initial Capacity: 100M
 Heap Max Capacity: 512M
 Pre-touch: Disabled
 Parallel Workers: 1

Heap:
 PSYoungGen      total 16896K, used 12799K [0x00000000f5580000, 0x00000000f6c00000, 0x0000000100000000)
  eden space 12800K, 99% used [0x00000000f5580000,0x00000000f61ffff0,0x00000000f6200000)
  from space 4096K, 0% used [0x00000000f6800000,0x00000000f6800000,0x00000000f6c00000)
  to   space 5120K, 0% used [0x00000000f6200000,0x00000000f6200000,0x00000000f6700000)
 ParOldGen       total 349696K, used 349694K [0x00000000e0000000, 0x00000000f5580000, 0x00000000f5580000)
  object space 349696K, 99% used [0x00000000e0000000,0x00000000f557fa58,0x00000000f5580000)
 Metaspace       used 52607K, committed 53632K, reserved 1097728K
  class space    used 5066K, committed 5504K, reserved 1048576K

Card table byte_map: [0x00007fea461a8000,0x00007fea462a9000] _byte_map_base: 0x00007fea45aa8000

Marking Bits: (ParMarkBitMap*) 0x00007fea478f84c0
 Begin Bits: [0x00007fea44ffb000, 0x00007fea457fb000)
 End Bits:   [0x00007fea457fb000, 0x00007fea45ffb000)

Polling page: 0x00007fea464c2000

Metaspace:

Usage:
  Non-class:     46.43 MB used.
      Class:      4.95 MB used.
       Both:     51.37 MB used.

Virtual space:
  Non-class space:       48.00 MB reserved,      47.00 MB ( 98%) committed,  6 nodes.
      Class space:        1.00 GB reserved,       5.38 MB ( <1%) committed,  1 nodes.
             Both:        1.05 GB reserved,      52.38 MB (  5%) committed. 

Chunk freelists:
   Non-Class:  591.00 KB
       Class:  2.63 MB
        Both:  3.21 MB

MaxMetaspaceSize: unlimited
CompressedClassSpaceSize: 1.00 GB
Initial GC threshold: 21.00 MB
Current GC threshold: 87.31 MB
CDS: on
MetaspaceReclaimPolicy: balanced
 - commit_granule_bytes: 65536.
 - commit_granule_words: 8192.
 - virtual_space_node_default_size: 1048576.
 - enlarge_chunks_in_place: 1.
 - new_chunks_are_fully_committed: 0.
 - uncommit_free_chunks: 1.
 - use_allocation_guard: 0.
 - handle_deallocations: 1.


Internal statistics:

num_allocs_failed_limit: 6.
num_arena_births: 450.
num_arena_deaths: 132.
num_vsnodes_births: 7.
num_vsnodes_deaths: 0.
num_space_committed: 837.
num_space_uncommitted: 0.
num_chunks_returned_to_freelist: 185.
num_chunks_taken_from_freelist: 2716.
num_chunk_merges: 77.
num_chunk_splits: 1721.
num_chunks_enlarged: 1043.
num_purges: 16.
num_inconsistent_stats: 0.

CodeHeap 'non-profiled nmethods': size=120036Kb used=2612Kb max_used=2612Kb free=117423Kb
 bounds [0x00007fea2ef7a000, 0x00007fea2f20a000, 0x00007fea364b3000]
CodeHeap 'profiled nmethods': size=120032Kb used=14242Kb max_used=14591Kb free=105790Kb
 bounds [0x00007fea27a42000, 0x00007fea28902000, 0x00007fea2ef7a000]
CodeHeap 'non-nmethods': size=5692Kb used=1338Kb max_used=1357Kb free=4353Kb
 bounds [0x00007fea274b3000, 0x00007fea27723000, 0x00007fea27a42000]
 total_blobs=7042 nmethods=6375 adapters=577
 compilation: enabled
              stopped_count=0, restarted_count=0
 full_count=0

JVMCI Events (20 events):
Event: 333.061 Thread 0x00007fea400b21d0 initializing JVMCI runtime 0
Event: 333.061 Thread 0x00007fea400b21d0 done waiting for JavaVM references initialization in JVMCI runtime 0
Event: 372.188 Thread 0x00007fea400b21d0 initialized JVMCI runtime 0
Event: 711.005 Thread 0x00007fea400b21d0 compacted oop handles in JVMCI runtime 0 from 398 to 169
Event: 711.005 Thread 0x00007fea400b21d0 compacted oop handles in JVMCI runtime 0 from 169 to 108
Event: 720.689 Thread 0x00007fea400b21d0 compacted oop handles in JVMCI runtime 0 from 135 to 131
Event: 757.355 Thread 0x00007fea400b21d0 compacted oop handles in JVMCI runtime 0 from 205 to 146
Event: 779.476 Thread 0x00007fea400b21d0 compacted oop handles in JVMCI runtime 0 from 261 to 244
Event: 780.645 Thread 0x00007fea400b21d0 detaching from JVMCI runtime 0: releasing idle compiler thread (0 other threads still attached)
Event: 780.646 Thread 0x00007fea400b21d0 shutting down HotSpotJVMCIRuntime for JVMCI runtime 0
Event: 780.646 Thread 0x00007fea400b21d0 compacted oop handles in JVMCI runtime 0 from 244 to 195
Event: 780.646 Thread 0x00007fea400b21d0 shut down JVMCI runtime 0
Event: 781.710 Thread 0x00007fea400b21d0 destroyed JavaVM[2]@0x00007fe9ecb9e340 for JVMCI runtime 0
Event: 781.710 Thread 0x00007fea400b21d0 compacted oop handles in JVMCI runtime 0 from 195 to 195
Event: 781.710 Thread 0x00007fea400b21d0 releasing handles for JVMCI runtime 0: oop handles=195, metadata handles={total=552, live=548, blocks=42}
Event: 781.710 Thread 0x00007fea400b21d0 detached from JVMCI runtime 0
Event: 871.757 Thread 0x00007fea400b21d0 attached to JVMCI runtime 0
Event: 871.759 Thread 0x00007fea400b21d0 created JavaVM[3]@0x00007fe9ecb9e340 for JVMCI runtime 0
Event: 872.774 Thread 0x00007fea400b21d0 initializing JVMCI runtime 0
Event: 872.774 Thread 0x00007fea400b21d0 done waiting for JavaVM references initialization in JVMCI runtime 0

Compilation events (20 events):
Event: 805.976 Thread 0x00007fea400b36e0 nmethod 8609 0x00007fea28799d90 code [0x00007fea28799f80, 0x00007fea2879a860]
Event: 805.976 Thread 0x00007fea400b36e0 8611       3       org.eclipse.jdt.internal.compiler.ast.MessageSend::analyseCode (897 bytes)
Event: 805.980 Thread 0x00007fea400b36e0 nmethod 8611 0x00007fea28120390 code [0x00007fea281209e0, 0x00007fea28126ad0]
Event: 805.980 Thread 0x00007fea400b36e0 8610       3       org.eclipse.jdt.internal.compiler.lookup.BlockScope::hasResourceTrackers (23 bytes)
Event: 805.980 Thread 0x00007fea400b36e0 nmethod 8610 0x00007fea2811fd10 code [0x00007fea2811fec0, 0x00007fea28120280]
Event: 805.980 Thread 0x00007fea400b36e0 8612       3       org.eclipse.jdt.internal.compiler.ast.SingleNameReference::manageEnclosingInstanceAccessIfNecessary (110 bytes)
Event: 805.981 Thread 0x00007fea400b36e0 nmethod 8612 0x00007fea28798790 code [0x00007fea287989c0, 0x00007fea28799b10]
Event: 825.384 Thread 0x00007fea400b36e0 8616       1       org.eclipse.jdt.internal.compiler.ast.ConstructorDeclaration::isConstructor (2 bytes)
Event: 826.499 Thread 0x00007fea400b36e0 nmethod 8616 0x00007fea2f198590 code [0x00007fea2f198720, 0x00007fea2f1987f0]
Event: 841.546 Thread 0x00007fea400b36e0 8617       3       org.eclipse.jdt.internal.compiler.lookup.BlockScope::computeLocalVariablePositions (492 bytes)
Event: 845.962 Thread 0x00007fea400b36e0 nmethod 8617 0x00007fea28795090 code [0x00007fea287953a0, 0x00007fea287980d0]
Event: 845.962 Thread 0x00007fea400b36e0 8619       3       java.lang.invoke.VarHandleGuards::guard_LLL_Z (86 bytes)
Event: 845.963 Thread 0x00007fea400b36e0 nmethod 8619 0x00007fea286f4a90 code [0x00007fea286f4dc0, 0x00007fea286f72e0]
Event: 868.595 Thread 0x00007fea400b36e0 8621       3       java.lang.invoke.VarHandleReferences$FieldInstanceReadWrite::compareAndSet (48 bytes)
Event: 868.596 Thread 0x00007fea400b36e0 nmethod 8621 0x00007fea28793f10 code [0x00007fea28794180, 0x00007fea28794d00]
Event: 871.757 Thread 0x00007fea400b21d0 8622 %     4       java.lang.Integer::parseInt @ 175 (264 bytes)
Event: 872.774 Thread 0x00007fea400b36e0 8623       3       java.util.Collections$UnmodifiableMap$UnmodifiableEntrySet::iterator (9 bytes)
Event: 873.889 Thread 0x00007fea400b36e0 nmethod 8623 0x00007fea2811f410 code [0x00007fea2811f5c0, 0x00007fea2811fa40]
Event: 873.889 Thread 0x00007fea400b36e0 8624       3       java.util.Collections$UnmodifiableMap$UnmodifiableEntrySet$1::<init> (26 bytes)
Event: 873.889 Thread 0x00007fea400b36e0 nmethod 8624 0x00007fea28793890 code [0x00007fea28793a40, 0x00007fea28793e00]

GC Heap History (20 events):
Event: 910.675 GC heap before
{Heap before GC invocations=930 (full 790):
 PSYoungGen      total 16896K, used 12800K [0x00000000f5580000, 0x00000000f6c00000, 0x0000000100000000)
  eden space 12800K, 100% used [0x00000000f5580000,0x00000000f6200000,0x00000000f6200000)
  from space 4096K, 0% used [0x00000000f6800000,0x00000000f6800000,0x00000000f6c00000)
  to   space 5120K, 0% used [0x00000000f6200000,0x00000000f6200000,0x00000000f6700000)
 ParOldGen       total 349696K, used 349694K [0x00000000e0000000, 0x00000000f5580000, 0x00000000f5580000)
  object space 349696K, 99% used [0x00000000e0000000,0x00000000f557f860,0x00000000f5580000)
 Metaspace       used 52607K, committed 53632K, reserved 1097728K
  class space    used 5066K, committed 5504K, reserved 1048576K
}
Event: 911.783 GC heap after
{Heap after GC invocations=930 (full 790):
 PSYoungGen      total 17920K, used 12799K [0x00000000f5580000, 0x00000000f6c00000, 0x0000000100000000)
  eden space 12800K, 99% used [0x00000000f5580000,0x00000000f61fffc0,0x00000000f6200000)
  from space 5120K, 0% used [0x00000000f6200000,0x00000000f6200000,0x00000000f6700000)
  to   space 4096K, 0% used [0x00000000f6800000,0x00000000f6800000,0x00000000f6c00000)
 ParOldGen       total 349696K, used 349694K [0x00000000e0000000, 0x00000000f5580000, 0x00000000f5580000)
  object space 349696K, 99% used [0x00000000e0000000,0x00000000f557f840,0x00000000f5580000)
 Metaspace       used 52607K, committed 53632K, reserved 1097728K
  class space    used 5066K, committed 5504K, reserved 1048576K
}
Event: 911.786 GC heap before
{Heap before GC invocations=931 (full 791):
 PSYoungGen      total 17920K, used 12799K [0x00000000f5580000, 0x00000000f6c00000, 0x0000000100000000)
  eden space 12800K, 99% used [0x00000000f5580000,0x00000000f61ffff8,0x00000000f6200000)
  from space 5120K, 0% used [0x00000000f6200000,0x00000000f6200000,0x00000000f6700000)
  to   space 4096K, 0% used [0x00000000f6800000,0x00000000f6800000,0x00000000f6c00000)
 ParOldGen       total 349696K, used 349694K [0x00000000e0000000, 0x00000000f5580000, 0x00000000f5580000)
  object space 349696K, 99% used [0x00000000e0000000,0x00000000f557f840,0x00000000f5580000)
 Metaspace       used 52607K, committed 53632K, reserved 1097728K
  class space    used 5066K, committed 5504K, reserved 1048576K
}
Event: 912.949 GC heap after
{Heap after GC invocations=931 (full 791):
 PSYoungGen      total 16896K, used 12799K [0x00000000f5580000, 0x00000000f6c00000, 0x0000000100000000)
  eden space 12800K, 99% used [0x00000000f5580000,0x00000000f61fffb8,0x00000000f6200000)
  from space 4096K, 0% used [0x00000000f6800000,0x00000000f6800000,0x00000000f6c00000)
  to   space 5120K, 0% used [0x00000000f6200000,0x00000000f6200000,0x00000000f6700000)
 ParOldGen       total 349696K, used 349694K [0x00000000e0000000, 0x00000000f5580000, 0x00000000f5580000)
  object space 349696K, 99% used [0x00000000e0000000,0x00000000f557f840,0x00000000f5580000)
 Metaspace       used 52607K, committed 53632K, reserved 1097728K
  class space    used 5066K, committed 5504K, reserved 1048576K
}
Event: 912.949 GC heap before
{Heap before GC invocations=932 (full 792):
 PSYoungGen      total 16896K, used 12799K [0x00000000f5580000, 0x00000000f6c00000, 0x0000000100000000)
  eden space 12800K, 99% used [0x00000000f5580000,0x00000000f61ffff0,0x00000000f6200000)
  from space 4096K, 0% used [0x00000000f6800000,0x00000000f6800000,0x00000000f6c00000)
  to   space 5120K, 0% used [0x00000000f6200000,0x00000000f6200000,0x00000000f6700000)
 ParOldGen       total 349696K, used 349694K [0x00000000e0000000, 0x00000000f5580000, 0x00000000f5580000)
  object space 349696K, 99% used [0x00000000e0000000,0x00000000f557f840,0x00000000f5580000)
 Metaspace       used 52607K, committed 53632K, reserved 1097728K
  class space    used 5066K, committed 5504K, reserved 1048576K
}
Event: 913.982 GC heap after
{Heap after GC invocations=932 (full 792):
 PSYoungGen      total 17920K, used 12799K [0x00000000f5580000, 0x00000000f6c00000, 0x0000000100000000)
  eden space 12800K, 99% used [0x00000000f5580000,0x00000000f61fffd0,0x00000000f6200000)
  from space 5120K, 0% used [0x00000000f6200000,0x00000000f6200000,0x00000000f6700000)
  to   space 4096K, 0% used [0x00000000f6800000,0x00000000f6800000,0x00000000f6c00000)
 ParOldGen       total 349696K, used 349694K [0x00000000e0000000, 0x00000000f5580000, 0x00000000f5580000)
  object space 349696K, 99% used [0x00000000e0000000,0x00000000f557f840,0x00000000f5580000)
 Metaspace       used 52607K, committed 53632K, reserved 1097728K
  class space    used 5066K, committed 5504K, reserved 1048576K
}
Event: 913.982 GC heap before
{Heap before GC invocations=933 (full 793):
 PSYoungGen      total 17920K, used 12800K [0x00000000f5580000, 0x00000000f6c00000, 0x0000000100000000)
  eden space 12800K, 100% used [0x00000000f5580000,0x00000000f6200000,0x00000000f6200000)
  from space 5120K, 0% used [0x00000000f6200000,0x00000000f6200000,0x00000000f6700000)
  to   space 4096K, 0% used [0x00000000f6800000,0x00000000f6800000,0x00000000f6c00000)
 ParOldGen       total 349696K, used 349695K [0x00000000e0000000, 0x00000000f5580000, 0x00000000f5580000)
  object space 349696K, 99% used [0x00000000e0000000,0x00000000f557ff20,0x00000000f5580000)
 Metaspace       used 52607K, committed 53632K, reserved 1097728K
  class space    used 5066K, committed 5504K, reserved 1048576K
}
Event: 915.046 GC heap after
{Heap after GC invocations=933 (full 793):
 PSYoungGen      total 16896K, used 12799K [0x00000000f5580000, 0x00000000f6c00000, 0x0000000100000000)
  eden space 12800K, 99% used [0x00000000f5580000,0x00000000f61fffb8,0x00000000f6200000)
  from space 4096K, 0% used [0x00000000f6800000,0x00000000f6800000,0x00000000f6c00000)
  to   space 5120K, 0% used [0x00000000f6200000,0x00000000f6200000,0x00000000f6700000)
 ParOldGen       total 349696K, used 349694K [0x00000000e0000000, 0x00000000f5580000, 0x00000000f5580000)
  object space 349696K, 99% used [0x00000000e0000000,0x00000000f557fb88,0x00000000f5580000)
 Metaspace       used 52607K, committed 53632K, reserved 1097728K
  class space    used 5066K, committed 5504K, reserved 1048576K
}
Event: 915.046 GC heap before
{Heap before GC invocations=934 (full 794):
 PSYoungGen      total 16896K, used 12799K [0x00000000f5580000, 0x00000000f6c00000, 0x0000000100000000)
  eden space 12800K, 99% used [0x00000000f5580000,0x00000000f61ffff8,0x00000000f6200000)
  from space 4096K, 0% used [0x00000000f6800000,0x00000000f6800000,0x00000000f6c00000)
  to   space 5120K, 0% used [0x00000000f6200000,0x00000000f6200000,0x00000000f6700000)
 ParOldGen       total 349696K, used 349695K [0x00000000e0000000, 0x00000000f5580000, 0x00000000f5580000)
  object space 349696K, 99% used [0x00000000e0000000,0x00000000f557fd98,0x00000000f5580000)
 Metaspace       used 52607K, committed 53632K, reserved 1097728K
  class space    used 5066K, committed 5504K, reserved 1048576K
}
Event: 916.256 GC heap after
{Heap after GC invocations=934 (full 794):
 PSYoungGen      total 17920K, used 12799K [0x00000000f5580000, 0x00000000f6c00000, 0x0000000100000000)
  eden space 12800K, 99% used [0x00000000f5580000,0x00000000f61fffd8,0x00000000f6200000)
  from space 5120K, 0% used [0x00000000f6200000,0x00000000f6200000,0x00000000f6700000)
  to   space 4096K, 0% used [0x00000000f6800000,0x00000000f6800000,0x00000000f6c00000)
 ParOldGen       total 349696K, used 349695K [0x00000000e0000000, 0x00000000f5580000, 0x00000000f5580000)
  object space 349696K, 99% used [0x00000000e0000000,0x00000000f557fd98,0x00000000f5580000)
 Metaspace       used 52607K, committed 53632K, reserved 1097728K
  class space    used 5066K, committed 5504K, reserved 1048576K
}
Event: 916.256 GC heap before
{Heap before GC invocations=935 (full 795):
 PSYoungGen      total 17920K, used 12799K [0x00000000f5580000, 0x00000000f6c00000, 0x0000000100000000)
  eden space 12800K, 99% used [0x00000000f5580000,0x00000000f61fffd8,0x00000000f6200000)
  from space 5120K, 0% used [0x00000000f6200000,0x00000000f6200000,0x00000000f6700000)
  to   space 4096K, 0% used [0x00000000f6800000,0x00000000f6800000,0x00000000f6c00000)
 ParOldGen       total 349696K, used 349695K [0x00000000e0000000, 0x00000000f5580000, 0x00000000f5580000)
  object space 349696K, 99% used [0x00000000e0000000,0x00000000f557fd98,0x00000000f5580000)
 Metaspace       used 52607K, committed 53632K, reserved 1097728K
  class space    used 5066K, committed 5504K, reserved 1048576K
}
Event: 917.287 GC heap after
{Heap after GC invocations=935 (full 795):
 PSYoungGen      total 16896K, used 12799K [0x00000000f5580000, 0x00000000f6c00000, 0x0000000100000000)
  eden space 12800K, 99% used [0x00000000f5580000,0x00000000f61fffd8,0x00000000f6200000)
  from space 4096K, 0% used [0x00000000f6800000,0x00000000f6800000,0x00000000f6c00000)
  to   space 5120K, 0% used [0x00000000f6200000,0x00000000f6200000,0x00000000f6700000)
 ParOldGen       total 349696K, used 349695K [0x00000000e0000000, 0x00000000f5580000, 0x00000000f5580000)
  object space 349696K, 99% used [0x00000000e0000000,0x00000000f557fd98,0x00000000f5580000)
 Metaspace       used 52607K, committed 53632K, reserved 1097728K
  class space    used 5066K, committed 5504K, reserved 1048576K
}
Event: 917.287 GC heap before
{Heap before GC invocations=936 (full 796):
 PSYoungGen      total 16896K, used 12799K [0x00000000f5580000, 0x00000000f6c00000, 0x0000000100000000)
  eden space 12800K, 99% used [0x00000000f5580000,0x00000000f61ffff8,0x00000000f6200000)
  from space 4096K, 0% used [0x00000000f6800000,0x00000000f6800000,0x00000000f6c00000)
  to   space 5120K, 0% used [0x00000000f6200000,0x00000000f6200000,0x00000000f6700000)
 ParOldGen       total 349696K, used 349695K [0x00000000e0000000, 0x00000000f5580000, 0x00000000f5580000)
  object space 349696K, 99% used [0x00000000e0000000,0x00000000f557ff30,0x00000000f5580000)
 Metaspace       used 52607K, committed 53632K, reserved 1097728K
  class space    used 5066K, committed 5504K, reserved 1048576K
}
Event: 918.490 GC heap after
{Heap after GC invocations=936 (full 796):
 PSYoungGen      total 17920K, used 12799K [0x00000000f5580000, 0x00000000f6c00000, 0x0000000100000000)
  eden space 12800K, 99% used [0x00000000f5580000,0x00000000f61ffec0,0x00000000f6200000)
  from space 5120K, 0% used [0x00000000f6200000,0x00000000f6200000,0x00000000f6700000)
  to   space 4096K, 0% used [0x00000000f6800000,0x00000000f6800000,0x00000000f6c00000)
 ParOldGen       total 349696K, used 349692K [0x00000000e0000000, 0x00000000f5580000, 0x00000000f5580000)
  object space 349696K, 99% used [0x00000000e0000000,0x00000000f557f3f0,0x00000000f5580000)
 Metaspace       used 52607K, committed 53632K, reserved 1097728K
  class space    used 5066K, committed 5504K, reserved 1048576K
}
Event: 918.497 GC heap before
{Heap before GC invocations=937 (full 797):
 PSYoungGen      total 17920K, used 12799K [0x00000000f5580000, 0x00000000f6c00000, 0x0000000100000000)
  eden space 12800K, 99% used [0x00000000f5580000,0x00000000f61fff80,0x00000000f6200000)
  from space 5120K, 0% used [0x00000000f6200000,0x00000000f6200000,0x00000000f6700000)
  to   space 4096K, 0% used [0x00000000f6800000,0x00000000f6800000,0x00000000f6c00000)
 ParOldGen       total 349696K, used 349692K [0x00000000e0000000, 0x00000000f5580000, 0x00000000f5580000)
  object space 349696K, 99% used [0x00000000e0000000,0x00000000f557f3f0,0x00000000f5580000)
 Metaspace       used 52607K, committed 53632K, reserved 1097728K
  class space    used 5066K, committed 5504K, reserved 1048576K
}
Event: 919.747 GC heap after
{Heap after GC invocations=937 (full 797):
 PSYoungGen      total 16896K, used 12799K [0x00000000f5580000, 0x00000000f6c00000, 0x0000000100000000)
  eden space 12800K, 99% used [0x00000000f5580000,0x00000000f61fff68,0x00000000f6200000)
  from space 4096K, 0% used [0x00000000f6800000,0x00000000f6800000,0x00000000f6c00000)
  to   space 5120K, 0% used [0x00000000f6200000,0x00000000f6200000,0x00000000f6700000)
 ParOldGen       total 349696K, used 349692K [0x00000000e0000000, 0x00000000f5580000, 0x00000000f5580000)
  object space 349696K, 99% used [0x00000000e0000000,0x00000000f557f3f0,0x00000000f5580000)
 Metaspace       used 52607K, committed 53632K, reserved 1097728K
  class space    used 5066K, committed 5504K, reserved 1048576K
}
Event: 919.747 GC heap before
{Heap before GC invocations=938 (full 798):
 PSYoungGen      total 16896K, used 12800K [0x00000000f5580000, 0x00000000f6c00000, 0x0000000100000000)
  eden space 12800K, 100% used [0x00000000f5580000,0x00000000f6200000,0x00000000f6200000)
  from space 4096K, 0% used [0x00000000f6800000,0x00000000f6800000,0x00000000f6c00000)
  to   space 5120K, 0% used [0x00000000f6200000,0x00000000f6200000,0x00000000f6700000)
 ParOldGen       total 349696K, used 349694K [0x00000000e0000000, 0x00000000f5580000, 0x00000000f5580000)
  object space 349696K, 99% used [0x00000000e0000000,0x00000000f557fb10,0x00000000f5580000)
 Metaspace       used 52607K, committed 53632K, reserved 1097728K
  class space    used 5066K, committed 5504K, reserved 1048576K
}
Event: 920.778 GC heap after
{Heap after GC invocations=938 (full 798):
 PSYoungGen      total 17920K, used 12799K [0x00000000f5580000, 0x00000000f6c00000, 0x0000000100000000)
  eden space 12800K, 99% used [0x00000000f5580000,0x00000000f61fff18,0x00000000f6200000)
  from space 5120K, 0% used [0x00000000f6200000,0x00000000f6200000,0x00000000f6700000)
  to   space 4096K, 0% used [0x00000000f6800000,0x00000000f6800000,0x00000000f6c00000)
 ParOldGen       total 349696K, used 349693K [0x00000000e0000000, 0x00000000f5580000, 0x00000000f5580000)
  object space 349696K, 99% used [0x00000000e0000000,0x00000000f557f7c0,0x00000000f5580000)
 Metaspace       used 52607K, committed 53632K, reserved 1097728K
  class space    used 5066K, committed 5504K, reserved 1048576K
}
Event: 920.778 GC heap before
{Heap before GC invocations=939 (full 799):
 PSYoungGen      total 17920K, used 12799K [0x00000000f5580000, 0x00000000f6c00000, 0x0000000100000000)
  eden space 12800K, 99% used [0x00000000f5580000,0x00000000f61fff18,0x00000000f6200000)
  from space 5120K, 0% used [0x00000000f6200000,0x00000000f6200000,0x00000000f6700000)
  to   space 4096K, 0% used [0x00000000f6800000,0x00000000f6800000,0x00000000f6c00000)
 ParOldGen       total 349696K, used 349693K [0x00000000e0000000, 0x00000000f5580000, 0x00000000f5580000)
  object space 349696K, 99% used [0x00000000e0000000,0x00000000f557f7c0,0x00000000f5580000)
 Metaspace       used 52607K, committed 53632K, reserved 1097728K
  class space    used 5066K, committed 5504K, reserved 1048576K
}
Event: 921.861 GC heap after
{Heap after GC invocations=939 (full 799):
 PSYoungGen      total 16896K, used 12799K [0x00000000f5580000, 0x00000000f6c00000, 0x0000000100000000)
  eden space 12800K, 99% used [0x00000000f5580000,0x00000000f61fff18,0x00000000f6200000)
  from space 4096K, 0% used [0x00000000f6800000,0x00000000f6800000,0x00000000f6c00000)
  to   space 5120K, 0% used [0x00000000f6200000,0x00000000f6200000,0x00000000f6700000)
 ParOldGen       total 349696K, used 349693K [0x00000000e0000000, 0x00000000f5580000, 0x00000000f5580000)
  object space 349696K, 99% used [0x00000000e0000000,0x00000000f557f7c0,0x00000000f5580000)
 Metaspace       used 52607K, committed 53632K, reserved 1097728K
  class space    used 5066K, committed 5504K, reserved 1048576K
}

Dll operation events (8 events):
Event: 0.002 Loaded shared library /nix/store/gpxl5qgg8kicmcvivwmybwjlpf7wh20l-graalvm17-ce-22.3.0/lib/libjava.so
Event: 0.008 Loaded shared library /nix/store/gpxl5qgg8kicmcvivwmybwjlpf7wh20l-graalvm17-ce-22.3.0/lib/libjsvml.so
Event: 0.182 Loaded shared library /nix/store/gpxl5qgg8kicmcvivwmybwjlpf7wh20l-graalvm17-ce-22.3.0/lib/libjvmcicompiler.so
Event: 0.189 Loaded shared library /nix/store/gpxl5qgg8kicmcvivwmybwjlpf7wh20l-graalvm17-ce-22.3.0/lib/libnio.so
Event: 0.249 Loaded shared library /nix/store/gpxl5qgg8kicmcvivwmybwjlpf7wh20l-graalvm17-ce-22.3.0/lib/libzip.so
Event: 0.566 Loaded shared library /nix/store/gpxl5qgg8kicmcvivwmybwjlpf7wh20l-graalvm17-ce-22.3.0/lib/libjimage.so
Event: 2.162 Loaded shared library /nix/store/gpxl5qgg8kicmcvivwmybwjlpf7wh20l-graalvm17-ce-22.3.0/lib/libnet.so
Event: 3.376 Loaded shared library /home/runner/.cache/jdt-language-server/config/org.eclipse.equinox.launcher/org.eclipse.equinox.launcher.gtk.linux.x86_64_1.2.400.v20211117-0650/eclipse_11600.so

Deoptimization events (20 events):
Event: 169.855 Thread 0x00007fe9cc23d900 DEOPT PACKING pc=0x00007fea27ee0c98 sp=0x00007fe9ed1fdc40
Event: 169.855 Thread 0x00007fe9cc23d900 DEOPT UNPACKING pc=0x00007fea27505325 sp=0x00007fe9ed1fd158 mode 0
Event: 178.350 Thread 0x00007fe9d4680aa0 DEOPT PACKING pc=0x00007fea2837ee9b sp=0x00007fe9ed9fe4b0
Event: 178.350 Thread 0x00007fe9d4680aa0 DEOPT UNPACKING pc=0x00007fea27505325 sp=0x00007fe9ed9fd968 mode 0
Event: 190.083 Thread 0x00007fe9d4680aa0 DEOPT PACKING pc=0x00007fea2837ee9b sp=0x00007fe9ed9fe4b0
Event: 190.083 Thread 0x00007fe9d4680aa0 DEOPT UNPACKING pc=0x00007fea27505325 sp=0x00007fe9ed9fd968 mode 0
Event: 191.388 Thread 0x00007fe9d4680aa0 DEOPT PACKING pc=0x00007fea2837ee9b sp=0x00007fe9ed9fe4b0
Event: 191.388 Thread 0x00007fe9d4680aa0 DEOPT UNPACKING pc=0x00007fea27505325 sp=0x00007fe9ed9fd968 mode 0
Event: 893.776 Thread 0x00007fe9cc23d900 DEOPT PACKING pc=0x00007fea2f0710a0 sp=0x00007fe9ed1f9fe0
Event: 893.776 Thread 0x00007fe9cc23d900 DEOPT UNPACKING pc=0x00007fea27505325 sp=0x00007fe9ed1f9428 mode 1
Event: 893.776 Thread 0x00007fe9cc23d900 DEOPT PACKING pc=0x00007fea2f11f9bc sp=0x00007fe9ed1fa140
Event: 893.776 Thread 0x00007fe9cc23d900 DEOPT UNPACKING pc=0x00007fea27505325 sp=0x00007fe9ed1f95e8 mode 1
Event: 897.968 Thread 0x00007fe9cc23d900 DEOPT PACKING pc=0x00007fea2f0710d8 sp=0x00007fe9ed1fb980
Event: 897.968 Thread 0x00007fe9cc23d900 DEOPT UNPACKING pc=0x00007fea27505325 sp=0x00007fe9ed1fae38 mode 1
Event: 897.968 Thread 0x00007fe9cc23d900 DEOPT PACKING pc=0x00007fea2f11f9bc sp=0x00007fe9ed1fbae0
Event: 897.968 Thread 0x00007fe9cc23d900 DEOPT UNPACKING pc=0x00007fea27505325 sp=0x00007fe9ed1faf88 mode 1
Event: 897.968 Thread 0x00007fe9cc23d900 DEOPT PACKING pc=0x00007fea2f0710d8 sp=0x00007fe9ed1fd320
Event: 897.968 Thread 0x00007fe9cc23d900 DEOPT UNPACKING pc=0x00007fea27505325 sp=0x00007fe9ed1fc7d8 mode 1
Event: 898.980 Thread 0x00007fe9cc23d900 DEOPT PACKING pc=0x00007fea2f11f9bc sp=0x00007fe9ed1fd480
Event: 898.980 Thread 0x00007fe9cc23d900 DEOPT UNPACKING pc=0x00007fea27505325 sp=0x00007fe9ed1fc928 mode 1

Classes unloaded (20 events):
Event: 166.802 Thread 0x00007fea400a1c10 Unloading class 0x0000000800cb2800 'java/lang/invoke/LambdaForm$MH+0x0000000800cb2800'
Event: 166.802 Thread 0x00007fea400a1c10 Unloading class 0x0000000800cb2000 'java/lang/invoke/LambdaForm$MH+0x0000000800cb2000'
Event: 166.802 Thread 0x00007fea400a1c10 Unloading class 0x0000000800cb1c00 'java/lang/invoke/LambdaForm$MH+0x0000000800cb1c00'
Event: 166.802 Thread 0x00007fea400a1c10 Unloading class 0x0000000800cb1800 'java/lang/invoke/LambdaForm$MH+0x0000000800cb1800'
Event: 166.802 Thread 0x00007fea400a1c10 Unloading class 0x0000000800cb1000 'java/lang/invoke/LambdaForm$MH+0x0000000800cb1000'
Event: 166.802 Thread 0x00007fea400a1c10 Unloading class 0x0000000800cb0c00 'java/lang/invoke/LambdaForm$MH+0x0000000800cb0c00'
Event: 166.802 Thread 0x00007fea400a1c10 Unloading class 0x0000000800cb0800 'java/lang/invoke/LambdaForm$MH+0x0000000800cb0800'
Event: 166.802 Thread 0x00007fea400a1c10 Unloading class 0x0000000800cb0000 'java/lang/invoke/LambdaForm$MH+0x0000000800cb0000'
Event: 177.790 Thread 0x00007fea400a1c10 Unloading class 0x0000000800ffc400 'jdk/internal/reflect/GeneratedSerializationConstructorAccessor33'
Event: 177.790 Thread 0x00007fea400a1c10 Unloading class 0x0000000800ffc000 'jdk/internal/reflect/GeneratedSerializationConstructorAccessor32'
Event: 177.790 Thread 0x00007fea400a1c10 Unloading class 0x0000000800ff7400 'jdk/internal/reflect/GeneratedSerializationConstructorAccessor31'
Event: 177.790 Thread 0x00007fea400a1c10 Unloading class 0x0000000800ff7000 'jdk/internal/reflect/GeneratedSerializationConstructorAccessor30'
Event: 186.887 Thread 0x00007fea400a1c10 Unloading class 0x00000008010e0000 'jdk/internal/reflect/GeneratedMethodAccessor13'
Event: 186.887 Thread 0x00007fea400a1c10 Unloading class 0x00000008010cc000 'jdk/internal/reflect/GeneratedMethodAccessor12'
Event: 186.887 Thread 0x00007fea400a1c10 Unloading class 0x000000080109c000 'jdk/internal/reflect/GeneratedMethodAccessor10'
Event: 186.887 Thread 0x00007fea400a1c10 Unloading class 0x0000000800e05c00 'jdk/internal/reflect/GeneratedMethodAccessor8'
Event: 189.490 Thread 0x00007fea400a1c10 Unloading class 0x000000080109c400 'jdk/internal/reflect/GeneratedMethodAccessor11'
Event: 192.168 Thread 0x00007fea400a1c10 Unloading class 0x0000000800e04c00 'jdk/internal/reflect/GeneratedMethodAccessor7'
Event: 194.676 Thread 0x00007fea400a1c10 Unloading class 0x000000080114c400 'jdk/internal/reflect/GeneratedConstructorAccessor29'
Event: 329.263 Thread 0x00007fea400a1c10 Unloading class 0x0000000800ffc800 'jdk/internal/reflect/GeneratedConstructorAccessor14'

Classes redefined (0 events):
No events

Internal exceptions (20 events):
Event: 27.338 Thread 0x00007fe9ac1ad9a0 Implicit null exception at 0x00007fea2f080e69 to 0x00007fea2f08101b
Event: 27.383 Thread 0x00007fe9c8000ff0 Implicit null exception at 0x00007fea2f0fc3f3 to 0x00007fea2f0fca5c
Event: 27.748 Thread 0x00007fe9c8000ff0 Exception <a 'java/lang/NoSuchMethodError'{0x00000000f5b94b40}: 'java.lang.Object java.lang.invoke.DirectMethodHandle$Holder.newInvokeSpecial(java.lang.Object, java.lang.Object, java.lang.Object, java.lang.Object, int)'> (0x00000000f5b94b40) 
thrown [src/hotspot/share/interpreter/linkResolver.cpp, line 758]
Event: 27.748 Thread 0x00007fe9c8000ff0 Exception <a 'java/lang/NoSuchMethodError'{0x00000000f5b98e78}: 'java.lang.Object java.lang.invoke.DirectMethodHandle$Holder.invokeSpecial(java.lang.Object, java.lang.Object, java.lang.Object, java.lang.Object, java.lang.Object, int)'> (0x00000000f5b98e78) 
thrown [src/hotspot/share/interpreter/linkResolver.cpp, line 758]
Event: 27.749 Thread 0x00007fe9c8000ff0 Exception <a 'java/lang/NoSuchMethodError'{0x00000000f5b9cdb8}: 'java.lang.Object java.lang.invoke.Invokers$Holder.linkToTargetMethod(java.lang.Object, java.lang.Object, java.lang.Object, int, java.lang.Object)'> (0x00000000f5b9cdb8) 
thrown [src/hotspot/share/interpreter/linkResolver.cpp, line 758]
Event: 27.783 Thread 0x00007fe9c8000ff0 Implicit null exception at 0x00007fea2f01ee54 to 0x00007fea2f01ee74
Event: 28.260 Thread 0x00007fe9c8000ff0 Exception <a 'java/io/FileNotFoundException'{0x00000000f62fe7b8}> (0x00000000f62fe7b8) 
thrown [src/hotspot/share/prims/jni.cpp, line 516]
Event: 28.261 Thread 0x00007fe9c8000ff0 Exception <a 'java/io/FileNotFoundException'{0x00000000f62ffa08}> (0x00000000f62ffa08) 
thrown [src/hotspot/share/prims/jni.cpp, line 516]
Event: 29.551 Thread 0x00007fe9ac1ad9a0 Exception <a 'java/io/FileNotFoundException'{0x00000000f5e03110}> (0x00000000f5e03110) 
thrown [src/hotspot/share/prims/jni.cpp, line 516]
Event: 30.466 Thread 0x00007fe9ac1ad9a0 Exception <a 'java/lang/NoSuchMethodError'{0x00000000f5704380}: 'java.lang.Object java.lang.invoke.DirectMethodHandle$Holder.invokeStatic(java.lang.Object, int, java.lang.Object, java.lang.Object, java.lang.Object, java.lang.Object)'> (0x00000000f5704380) 
thrown [src/hotspot/share/interpreter/linkResolver.cpp, line 758]
Event: 30.469 Thread 0x00007fe9ac1ad9a0 Exception <a 'java/lang/NoSuchMethodError'{0x00000000f570c8a0}: 'java.lang.Object java.lang.invoke.DirectMethodHandle$Holder.newInvokeSpecial(java.lang.Object, int, java.lang.Object, java.lang.Object, java.lang.Object)'> (0x00000000f570c8a0) 
thrown [src/hotspot/share/interpreter/linkResolver.cpp, line 758]
Event: 31.080 Thread 0x00007fe9ac1ad9a0 Exception <a 'java/lang/NoSuchMethodError'{0x00000000f5783df0}: 'void java.lang.invoke.DirectMethodHandle$Holder.invokeSpecial(java.lang.Object, java.lang.Object, int)'> (0x00000000f5783df0) 
thrown [src/hotspot/share/interpreter/linkResolver.cpp, line 758]
Event: 31.582 Thread 0x00007fe9ac1ad9a0 Exception <a 'java/lang/NoSuchMethodError'{0x00000000f65567a8}: 'int java.lang.invoke.DirectMethodHandle$Holder.invokeSpecial(java.lang.Object, java.lang.Object, java.lang.Object)'> (0x00000000f65567a8) 
thrown [src/hotspot/share/interpreter/linkResolver.cpp, line 758]
Event: 32.563 Thread 0x00007fe9ac1ad9a0 Exception <a 'java/lang/NoSuchMethodError'{0x00000000f5898d00}: 'int java.lang.invoke.DirectMethodHandle$Holder.invokeSpecialIFC(java.lang.Object, java.lang.Object, java.lang.Object, java.lang.Object)'> (0x00000000f5898d00) 
thrown [src/hotspot/share/interpreter/linkResolver.cpp, line 758]
Event: 33.246 Thread 0x00007fe9d4680aa0 Implicit null exception at 0x00007fea2f147430 to 0x00007fea2f1474d7
Event: 58.368 Thread 0x00007fe9c8000ff0 Implicit null exception at 0x00007fea2f14e7da to 0x00007fea2f14eb57
Event: 861.274 Thread 0x00007fe9cc23d900 Exception <a 'java/lang/OutOfMemoryError'{0x00000000e00bdbe0}> (0x00000000e00bdbe0) 
thrown [src/hotspot/share/gc/shared/memAllocator.cpp, line 136]
Event: 893.776 Thread 0x00007fe9cc23d900 Exception <a 'java/lang/OutOfMemoryError'{0x00000000e00bdeb0}> (0x00000000e00bdeb0) 
thrown [src/hotspot/share/gc/shared/memAllocator.cpp, line 136]
Event: 917.287 Thread 0x00007fe9cc23d900 Exception <a 'java/lang/OutOfMemoryError'{0x00000000e00be1d0}> (0x00000000e00be1d0) 
thrown [src/hotspot/share/gc/shared/memAllocator.cpp, line 136]
Event: 921.862 Thread 0x00007fea400b21d0 Exception <a 'java/lang/OutOfMemoryError'{0x00000000e00be1d0}> (0x00000000e00be1d0) 
thrown [src/hotspot/share/gc/shared/memAllocator.cpp, line 136]

VM Operations (20 events):
Event: 908.471 Executing VM operation: ParallelGCFailedAllocation
Event: 909.576 Executing VM operation: ParallelGCFailedAllocation done
Event: 909.577 Executing VM operation: ParallelGCFailedAllocation
Event: 910.675 Executing VM operation: ParallelGCFailedAllocation done
Event: 910.675 Executing VM operation: ParallelGCFailedAllocation
Event: 911.783 Executing VM operation: ParallelGCFailedAllocation done
Event: 911.784 Executing VM operation: ParallelGCFailedAllocation
Event: 912.949 Executing VM operation: ParallelGCFailedAllocation done
Event: 912.949 Executing VM operation: ParallelGCFailedAllocation
Event: 913.982 Executing VM operation: ParallelGCFailedAllocation done
Event: 913.982 Executing VM operation: ParallelGCFailedAllocation
Event: 915.046 Executing VM operation: ParallelGCFailedAllocation done
Event: 915.046 Executing VM operation: ParallelGCFailedAllocation
Event: 917.287 Executing VM operation: ParallelGCFailedAllocation done
Event: 917.287 Executing VM operation: ParallelGCFailedAllocation
Event: 918.490 Executing VM operation: ParallelGCFailedAllocation done
Event: 918.490 Executing VM operation: ParallelGCFailedAllocation
Event: 919.747 Executing VM operation: ParallelGCFailedAllocation done
Event: 919.747 Executing VM operation: ParallelGCFailedAllocation
Event: 921.862 Executing VM operation: ParallelGCFailedAllocation done

Events (20 events):
Event: 54.459 Thread 0x00007fea400b4b30 flushing nmethod 0x00007fea287a4190
Event: 54.459 Thread 0x00007fea400b4b30 flushing nmethod 0x00007fea287b8c10
Event: 54.459 Thread 0x00007fea400b4b30 flushing nmethod 0x00007fea287b9a10
Event: 54.459 Thread 0x00007fea400b4b30 flushing nmethod 0x00007fea287be110
Event: 54.459 Thread 0x00007fea400b4b30 flushing nmethod 0x00007fea287bee10
Event: 54.459 Thread 0x00007fea400b4b30 flushing nmethod 0x00007fea287c2090
Event: 54.459 Thread 0x00007fea400b4b30 flushing nmethod 0x00007fea287c6d10
Event: 54.459 Thread 0x00007fea400b4b30 flushing nmethod 0x00007fea287cb490
Event: 54.459 Thread 0x00007fea400b4b30 flushing nmethod 0x00007fea287d7910
Event: 54.459 Thread 0x00007fea400b4b30 flushing nmethod 0x00007fea287d9610
Event: 57.875 Thread 0x00007fe9cc23d900 Thread added: 0x00007fe9cc23d900
Event: 57.882 Protecting memory [0x00007fe9ed100000,0x00007fe9ed104000] with protection modes 0
Event: 58.364 Thread 0x00007fe9bc461100 Thread added: 0x00007fe9bc461100
Event: 58.364 Protecting memory [0x00007fea24c00000,0x00007fea24c04000] with protection modes 0
Event: 62.246 Thread 0x00007fea401f0370 Thread exited: 0x00007fea401f0370
Event: 122.888 Thread 0x00007fe9c8000ff0 Thread exited: 0x00007fe9c8000ff0
Event: 122.888 Thread 0x00007fe9d44df7f0 Thread exited: 0x00007fe9d44df7f0
Event: 122.888 Thread 0x00007fe9c40072f0 Thread exited: 0x00007fe9c40072f0
Event: 169.854 Thread 0x00007fe9b0002180 Thread added: 0x00007fe9b0002180
Event: 169.854 Protecting memory [0x00007fea24700000,0x00007fea24704000] with protection modes 0


Dynamic libraries:
e0000000-f5580000 rw-p 00000000 00:00 0 
f5580000-f6c00000 rw-p 00000000 00:00 0 
f6c00000-100000000 ---p 00000000 00:00 0 
800000000-800449000 rw-p 00001000 00:193f 4611686019135357769            /nix/store/gpxl5qgg8kicmcvivwmybwjlpf7wh20l-graalvm17-ce-22.3.0/lib/server/classes.jsa
800449000-800bc8000 r--p 0044a000 00:193f 4611686019135357769            /nix/store/gpxl5qgg8kicmcvivwmybwjlpf7wh20l-graalvm17-ce-22.3.0/lib/server/classes.jsa
800bc8000-800c00000 ---p 00000000 00:00 0 
800c00000-800c20000 rw-p 00000000 00:00 0 
800c20000-800c40000 rw-p 00000000 00:00 0 
800c40000-800cc0000 rw-p 00000000 00:00 0 
800cc0000-800d00000 rw-p 00000000 00:00 0 
800d00000-800dc0000 rw-p 00000000 00:00 0 
800dc0000-800e00000 rw-p 00000000 00:00 0 
800e00000-801150000 rw-p 00000000 00:00 0 
801150000-801160000 ---p 00000000 00:00 0 
801160000-801170000 rw-p 00000000 00:00 0 
801170000-840c00000 ---p 00000000 00:00 0 
562278430000-562278431000 r-xp 00000000 00:193f 4611686019099417844      /nix/store/gpxl5qgg8kicmcvivwmybwjlpf7wh20l-graalvm17-ce-22.3.0/bin/.java-wrapped
562278432000-562278433000 r--p 00001000 00:193f 4611686019099417844      /nix/store/gpxl5qgg8kicmcvivwmybwjlpf7wh20l-graalvm17-ce-22.3.0/bin/.java-wrapped
562278433000-562278434000 rw-p 00002000 00:193f 4611686019099417844      /nix/store/gpxl5qgg8kicmcvivwmybwjlpf7wh20l-graalvm17-ce-22.3.0/bin/.java-wrapped
562278434000-562278435000 rw-p 00004000 00:193f 4611686019099417844      /nix/store/gpxl5qgg8kicmcvivwmybwjlpf7wh20l-graalvm17-ce-22.3.0/bin/.java-wrapped
562278435000-562278436000 rw-p 00005000 00:193f 4611686019099417844      /nix/store/gpxl5qgg8kicmcvivwmybwjlpf7wh20l-graalvm17-ce-22.3.0/bin/.java-wrapped
56227915a000-5622791a2000 rw-p 00000000 00:00 0                          [heap]
7fe99c000000-7fe99c021000 rw-p 00000000 00:00 0 
7fe99c021000-7fe9a0000000 ---p 00000000 00:00 0 
7fe9a1c00000-7fe9a2380000 rw-p 00000000 00:00 0 
7fe9a2380000-7fe9a2400000 ---p 00000000 00:00 0 
7fe9a24b3000-7fe9ac000000 r--s 00000000 00:193f 4611686019135192581      /nix/store/gpxl5qgg8kicmcvivwmybwjlpf7wh20l-graalvm17-ce-22.3.0/lib/modules
7fe9ac000000-7fe9ac1df000 rw-p 00000000 00:00 0 
7fe9ac1df000-7fe9b0000000 ---p 00000000 00:00 0 
7fe9b0000000-7fe9b02a8000 rw-p 00000000 00:00 0 
7fe9b02a8000-7fe9b4000000 ---p 00000000 00:00 0 
7fe9b4000000-7fe9b4021000 rw-p 00000000 00:00 0 
7fe9b4021000-7fe9b8000000 ---p 00000000 00:00 0 
7fe9b8000000-7fe9b8021000 rw-p 00000000 00:00 0 
7fe9b8021000-7fe9bc000000 ---p 00000000 00:00 0 
7fe9bc000000-7fe9bc463000 rw-p 00000000 00:00 0 
7fe9bc463000-7fe9c0000000 ---p 00000000 00:00 0 
7fe9c0000000-7fe9c0021000 rw-p 00000000 00:00 0 
7fe9c0021000-7fe9c4000000 ---p 00000000 00:00 0 
7fe9c4000000-7fe9c403d000 rw-p 00000000 00:00 0 
7fe9c403d000-7fe9c8000000 ---p 00000000 00:00 0 
7fe9c8000000-7fe9c8057000 rw-p 00000000 00:00 0 
7fe9c8057000-7fe9cc000000 ---p 00000000 00:00 0 
7fe9cc000000-7fe9cc245000 rw-p 00000000 00:00 0 
7fe9cc245000-7fe9d0000000 ---p 00000000 00:00 0 
7fe9d0000000-7fe9d0021000 rw-p 00000000 00:00 0 
7fe9d0021000-7fe9d4000000 ---p 00000000 00:00 0 
7fe9d4000000-7fe9d4951000 rw-p 00000000 00:00 0 
7fe9d4951000-7fe9d8000000 ---p 00000000 00:00 0 
7fe9d8000000-7fe9d8021000 rw-p 00000000 00:00 0 
7fe9d8021000-7fe9dc000000 ---p 00000000 00:00 0 
7fe9dc000000-7fe9dc021000 rw-p 00000000 00:00 0 
7fe9dc021000-7fe9e0000000 ---p 00000000 00:00 0 
7fe9e0000000-7fe9e0021000 rw-p 00000000 00:00 0 
7fe9e0021000-7fe9e4000000 ---p 00000000 00:00 0 
7fe9e4000000-7fe9e4021000 rw-p 00000000 00:00 0 
7fe9e4021000-7fe9e8000000 ---p 00000000 00:00 0 
7fe9e8400000-7fe9e8640000 rw-p 00000000 00:00 0 
7fe9e8640000-7fe9e8800000 rw-p 00000000 00:00 0 
7fe9e8800000-7fe9e8900000 rw-p 00000000 00:00 0 
7fe9e8900000-7fe9e8980000 rw-p 00000000 00:00 0 
7fe9e8980000-7fe9e8a00000 ---p 00000000 00:00 0 
7fe9e8a00000-7fe9e8c00000 rw-p 00000000 00:00 0 
7fe9e8c00000-7fe9e8d00000 rw-p 00000000 00:00 0 
7fe9e8d00000-7fe9e8e00000 rw-p 00000000 00:00 0 
7fe9e8e00000-7fe9e9400000 rw-p 00000000 00:00 0 
7fe9ea000000-7fe9ea100000 rw-p 00000000 00:00 0 
7fe9ea100000-7fe9ea200000 rw-p 00000000 00:00 0 
7fe9ea200000-7fe9ea5c0000 rw-p 00000000 00:00 0 
7fe9ea5c0000-7fe9ea600000 rw-p 00000000 00:00 0 
7fe9ea600000-7fe9ea800000 rw-p 00000000 00:00 0 
7fe9ea800000-7fe9ea900000 rw-p 00000000 00:00 0 
7fe9ea900000-7fe9eaa00000 rw-p 00000000 00:00 0 
7fe9eaa00000-7fe9eaf80000 rw-p 00000000 00:00 0 
7fe9eaf80000-7fe9eb000000 rw-p 00000000 00:00 0 
7fe9eb200000-7fe9eb210000 r-xp 00000000 00:1925 356                      /home/runner/.cache/jdt-language-server/config/org.eclipse.equinox.launcher/org.eclipse.equinox.launcher.gtk.linux.x86_64_1.2.400.v20211117-0650/eclipse_11600.so
7fe9eb210000-7fe9eb40f000 ---p 00010000 00:1925 356                      /home/runner/.cache/jdt-language-server/config/org.eclipse.equinox.launcher/org.eclipse.equinox.launcher.gtk.linux.x86_64_1.2.400.v20211117-0650/eclipse_11600.so
7fe9eb40f000-7fe9eb410000 r--p 0000f000 00:1925 356                      /home/runner/.cache/jdt-language-server/config/org.eclipse.equinox.launcher/org.eclipse.equinox.launcher.gtk.linux.x86_64_1.2.400.v20211117-0650/eclipse_11600.so
7fe9eb410000-7fe9eb411000 rw-p 00010000 00:1925 356                      /home/runner/.cache/jdt-language-server/config/org.eclipse.equinox.launcher/org.eclipse.equinox.launcher.gtk.linux.x86_64_1.2.400.v20211117-0650/eclipse_11600.so
7fe9ebf00000-7fe9ec000000 ---p 00000000 00:00 0 
7fe9ec000000-7fe9ec5af000 r--p 01122000 00:193f 4611686019135190040      /nix/store/gpxl5qgg8kicmcvivwmybwjlpf7wh20l-graalvm17-ce-22.3.0/lib/libjvmcicompiler.so
7fe9ec5af000-7fe9ec700000 r--p 00000000 00:00 0 
7fe9ec700000-7fe9ec73d000 rw-p 00000000 00:00 0 
7fe9ec73d000-7fe9ecc5d000 rw-p 0185f000 00:193f 4611686019135190040      /nix/store/gpxl5qgg8kicmcvivwmybwjlpf7wh20l-graalvm17-ce-22.3.0/lib/libjvmcicompiler.so
7fe9ecc5d000-7fe9ed044000 r--p 01d7f000 00:193f 4611686019135190040      /nix/store/gpxl5qgg8kicmcvivwmybwjlpf7wh20l-graalvm17-ce-22.3.0/lib/libjvmcicompiler.so
7fe9ed100000-7fe9ed104000 ---p 00000000 00:00 0 
7fe9ed104000-7fe9ed200000 rw-p 00000000 00:00 0 
7fe9ed300000-7fe9ed304000 ---p 00000000 00:00 0 
7fe9ed304000-7fe9ed400000 rw-p 00000000 00:00 0 
7fe9ed500000-7fe9ed504000 ---p 00000000 00:00 0 
7fe9ed504000-7fe9ed600000 rw-p 00000000 00:00 0 
7fe9ed700000-7fe9ed704000 ---p 00000000 00:00 0 
7fe9ed704000-7fe9ed800000 rw-p 00000000 00:00 0 
7fe9ed900000-7fe9ed904000 ---p 00000000 00:00 0 
7fe9ed904000-7fe9eda00000 rw-p 00000000 00:00 0 
7fe9edb00000-7fe9edb04000 ---p 00000000 00:00 0 
7fe9edb04000-7fe9edc00000 rw-p 00000000 00:00 0 
7fe9edc00000-7fe9efd6a000 r-xp 00000000 00:193f 4611686019135190040      /nix/store/gpxl5qgg8kicmcvivwmybwjlpf7wh20l-graalvm17-ce-22.3.0/lib/libjvmcicompiler.so
7fe9efd6a000-7fe9eff69000 ---p 0216a000 00:193f 4611686019135190040      /nix/store/gpxl5qgg8kicmcvivwmybwjlpf7wh20l-graalvm17-ce-22.3.0/lib/libjvmcicompiler.so
7fe9eff69000-7fe9eff6a000 r--p 02169000 00:193f 4611686019135190040      /nix/store/gpxl5qgg8kicmcvivwmybwjlpf7wh20l-graalvm17-ce-22.3.0/lib/libjvmcicompiler.so
7fe9eff6a000-7fe9eff6c000 rw-p 0216a000 00:193f 4611686019135190040      /nix/store/gpxl5qgg8kicmcvivwmybwjlpf7wh20l-graalvm17-ce-22.3.0/lib/libjvmcicompiler.so
7fe9eff6c000-7fe9eff6d000 rw-p 00000000 00:00 0 
7fe9eff6d000-7fe9eff72000 rw-p 023c3000 00:193f 4611686019135190040      /nix/store/gpxl5qgg8kicmcvivwmybwjlpf7wh20l-graalvm17-ce-22.3.0/lib/libjvmcicompiler.so
7fe9f0000000-7fe9f0021000 rw-p 00000000 00:00 0 
7fe9f0021000-7fe9f4000000 ---p 00000000 00:00 0 
7fe9f4000000-7fe9f4021000 rw-p 00000000 00:00 0 
7fe9f4021000-7fe9f8000000 ---p 00000000 00:00 0 
7fe9f8000000-7fe9f8021000 rw-p 00000000 00:00 0 
7fe9f8021000-7fe9fc000000 ---p 00000000 00:00 0 
7fe9fc000000-7fe9fc021000 rw-p 00000000 00:00 0 
7fe9fc021000-7fea00000000 ---p 00000000 00:00 0 
7fea00000000-7fea000db000 rw-p 00000000 00:00 0 
7fea000db000-7fea04000000 ---p 00000000 00:00 0 
7fea04000000-7fea04b31000 rw-p 00000000 00:00 0 
7fea04b31000-7fea08000000 ---p 00000000 00:00 0 
7fea08000000-7fea08021000 rw-p 00000000 00:00 0 
7fea08021000-7fea0c000000 ---p 00000000 00:00 0 
7fea0c000000-7fea0c021000 rw-p 00000000 00:00 0 
7fea0c021000-7fea10000000 ---p 00000000 00:00 0 
7fea10000000-7fea10021000 rw-p 00000000 00:00 0 
7fea10021000-7fea14000000 ---p 00000000 00:00 0 
7fea14000000-7fea14021000 rw-p 00000000 00:00 0 
7fea14021000-7fea18000000 ---p 00000000 00:00 0 
7fea18000000-7fea18021000 rw-p 00000000 00:00 0 
7fea18021000-7fea1c000000 ---p 00000000 00:00 0 
7fea1c000000-7fea1c021000 rw-p 00000000 00:00 0 
7fea1c021000-7fea20000000 ---p 00000000 00:00 0 
7fea20000000-7fea20059000 rw-p 00000000 00:00 0 
7fea20059000-7fea24000000 ---p 00000000 00:00 0 
7fea24100000-7fea24104000 ---p 00000000 00:00 0 
7fea24104000-7fea24200000 rw-p 00000000 00:00 0 
7fea24300000-7fea24304000 ---p 00000000 00:00 0 
7fea24304000-7fea24400000 rw-p 00000000 00:00 0 
7fea24500000-7fea24504000 ---p 00000000 00:00 0 
7fea24504000-7fea24600000 rw-p 00000000 00:00 0 
7fea24700000-7fea24704000 ---p 00000000 00:00 0 
7fea24704000-7fea24800000 rw-p 00000000 00:00 0 
7fea24900000-7fea24904000 ---p 00000000 00:00 0 
7fea24904000-7fea24a00000 rw-p 00000000 00:00 0 
7fea24b00000-7fea24b04000 ---p 00000000 00:00 0 
7fea24b04000-7fea24c00000 rw-p 00000000 00:00 0 
7fea24c00000-7fea24c04000 ---p 00000000 00:00 0 
7fea24c04000-7fea24d00000 rw-p 00000000 00:00 0 
7fea24d00000-7fea24d04000 ---p 00000000 00:00 0 
7fea24d04000-7fea24e00000 rw-p 00000000 00:00 0 
7fea24f00000-7fea24f04000 ---p 00000000 00:00 0 
7fea24f04000-7fea25000000 rw-p 00000000 00:00 0 
7fea25c68000-7fea26100000 rw-p 00000000 00:00 0 
7fea261fe000-7fea261ff000 ---p 00000000 00:00 0 
7fea261ff000-7fea26300000 rw-p 00000000 00:00 0 
7fea26300000-7fea26304000 ---p 00000000 00:00 0 
7fea26304000-7fea26400000 rw-p 00000000 00:00 0 
7fea26400000-7fea26404000 ---p 00000000 00:00 0 
7fea26404000-7fea26500000 rw-p 00000000 00:00 0 
7fea26500000-7fea26504000 ---p 00000000 00:00 0 
7fea26504000-7fea26600000 rw-p 00000000 00:00 0 
7fea26600000-7fea26604000 ---p 00000000 00:00 0 
7fea26604000-7fea26800000 rw-p 00000000 00:00 0 
7fea26800000-7fea26804000 ---p 00000000 00:00 0 
7fea26804000-7fea26a00000 rw-p 00000000 00:00 0 
7fea26a00000-7fea26a04000 ---p 00000000 00:00 0 
7fea26a04000-7fea26b00000 rw-p 00000000 00:00 0 
7fea26b00000-7fea26b04000 ---p 00000000 00:00 0 
7fea26b04000-7fea27000000 rw-p 00000000 00:00 0 
7fea27000000-7fea272c0000 rw-p 00000000 00:00 0 
7fea272c0000-7fea27300000 rw-p 00000000 00:00 0 
7fea27300000-7fea27400000 rw-p 00000000 00:00 0 
7fea2745c000-7fea27460000 ---p 00000000 00:00 0 
7fea27460000-7fea2747e000 rw-p 00000000 00:00 0 
7fea2747e000-7fea27493000 r-xp 00000000 00:193f 4611686019135192570      /nix/store/gpxl5qgg8kicmcvivwmybwjlpf7wh20l-graalvm17-ce-22.3.0/lib/libnet.so
7fea27493000-7fea27494000 ---p 00015000 00:193f 4611686019135192570      /nix/store/gpxl5qgg8kicmcvivwmybwjlpf7wh20l-graalvm17-ce-22.3.0/lib/libnet.so
7fea27494000-7fea27495000 r--p 00015000 00:193f 4611686019135192570      /nix/store/gpxl5qgg8kicmcvivwmybwjlpf7wh20l-graalvm17-ce-22.3.0/lib/libnet.so
7fea27495000-7fea27496000 rw-p 00016000 00:193f 4611686019135192570      /nix/store/gpxl5qgg8kicmcvivwmybwjlpf7wh20l-graalvm17-ce-22.3.0/lib/libnet.so
7fea27496000-7fea27499000 rw-p 0001b000 00:193f 4611686019135192570      /nix/store/gpxl5qgg8kicmcvivwmybwjlpf7wh20l-graalvm17-ce-22.3.0/lib/libnet.so
7fea27499000-7fea274ac000 r-xp 00000000 00:193f 4611686019135192571      /nix/store/gpxl5qgg8kicmcvivwmybwjlpf7wh20l-graalvm17-ce-22.3.0/lib/libnio.so
7fea274ac000-7fea274ad000 r--p 00012000 00:193f 4611686019135192571      /nix/store/gpxl5qgg8kicmcvivwmybwjlpf7wh20l-graalvm17-ce-22.3.0/lib/libnio.so
7fea274ad000-7fea274ae000 rw-p 00013000 00:193f 4611686019135192571      /nix/store/gpxl5qgg8kicmcvivwmybwjlpf7wh20l-graalvm17-ce-22.3.0/lib/libnio.so
7fea274ae000-7fea274b3000 rw-p 00019000 00:193f 4611686019135192571      /nix/store/gpxl5qgg8kicmcvivwmybwjlpf7wh20l-graalvm17-ce-22.3.0/lib/libnio.so
7fea274b3000-7fea27723000 rwxp 00000000 00:00 0 
7fea27723000-7fea27a42000 ---p 00000000 00:00 0 
7fea27a42000-7fea28902000 rwxp 00000000 00:00 0 
7fea28902000-7fea2ef7a000 ---p 00000000 00:00 0 
7fea2ef7a000-7fea2f20a000 rwxp 00000000 00:00 0 
7fea2f20a000-7fea364b3000 ---p 00000000 00:00 0 
7fea364b3000-7fea40000000 r--s 00000000 00:193f 4611686019135192581      /nix/store/gpxl5qgg8kicmcvivwmybwjlpf7wh20l-graalvm17-ce-22.3.0/lib/modules
7fea40000000-7fea40401000 rw-p 00000000 00:00 0 
7fea40401000-7fea44000000 ---p 00000000 00:00 0 
7fea4400a000-7fea44011000 r-xp 00000000 00:193f 4611686019135192580      /nix/store/gpxl5qgg8kicmcvivwmybwjlpf7wh20l-graalvm17-ce-22.3.0/lib/libzip.so
7fea44011000-7fea44012000 ---p 00007000 00:193f 4611686019135192580      /nix/store/gpxl5qgg8kicmcvivwmybwjlpf7wh20l-graalvm17-ce-22.3.0/lib/libzip.so
7fea44012000-7fea44013000 r--p 00007000 00:193f 4611686019135192580      /nix/store/gpxl5qgg8kicmcvivwmybwjlpf7wh20l-graalvm17-ce-22.3.0/lib/libzip.so
7fea44013000-7fea44014000 rw-p 00008000 00:193f 4611686019135192580      /nix/store/gpxl5qgg8kicmcvivwmybwjlpf7wh20l-graalvm17-ce-22.3.0/lib/libzip.so
7fea44014000-7fea44016000 rw-p 0000b000 00:193f 4611686019135192580      /nix/store/gpxl5qgg8kicmcvivwmybwjlpf7wh20l-graalvm17-ce-22.3.0/lib/libzip.so
7fea44016000-7fea4401a000 ---p 00000000 00:00 0 
7fea4401a000-7fea44116000 rw-p 00000000 00:00 0 
7fea44116000-7fea443fc000 r--p 00000000 00:1491 28444448                 /usr/lib/locale/locale-archive
7fea443fc000-7fea44400000 ---p 00000000 00:00 0 
7fea44400000-7fea444fc000 rw-p 00000000 00:00 0 
7fea444fc000-7fea44500000 ---p 00000000 00:00 0 
7fea44500000-7fea445fc000 rw-p 00000000 00:00 0 
7fea445fc000-7fea445fd000 ---p 00000000 00:00 0 
7fea445fd000-7fea446fe000 rw-p 00000000 00:00 0 
7fea446fe000-7fea447cc000 r-xp 00000000 00:193f 4611686019135190036      /nix/store/gpxl5qgg8kicmcvivwmybwjlpf7wh20l-graalvm17-ce-22.3.0/lib/libjsvml.so
7fea447cc000-7fea447cd000 r--p 000cd000 00:193f 4611686019135190036      /nix/store/gpxl5qgg8kicmcvivwmybwjlpf7wh20l-graalvm17-ce-22.3.0/lib/libjsvml.so
7fea447cd000-7fea447ce000 rw-p 000ce000 00:193f 4611686019135190036      /nix/store/gpxl5qgg8kicmcvivwmybwjlpf7wh20l-graalvm17-ce-22.3.0/lib/libjsvml.so
7fea447ce000-7fea460a6000 rw-p 00000000 00:00 0 
7fea460a6000-7fea460a7000 ---p 00000000 00:00 0 
7fea460a7000-7fea46252000 rw-p 00000000 00:00 0 
7fea46252000-7fea4625e000 rw-p 00000000 00:00 0 
7fea4625e000-7fea462a8000 ---p 00000000 00:00 0 
7fea462a8000-7fea462af000 rw-p 00000000 00:00 0 
7fea462af000-7fea46394000 ---p 00000000 00:00 0 
7fea46394000-7fea463b2000 rw-p 00000000 00:00 0 
7fea463b2000-7fea4647f000 ---p 00000000 00:00 0 
7fea4647f000-7fea46484000 rw-p 00000000 00:00 0 
7fea46484000-7fea4648b000 ---p 00000000 00:00 0 
7fea4648b000-7fea464af000 r-xp 00000000 00:193f 4611686019135190028      /nix/store/gpxl5qgg8kicmcvivwmybwjlpf7wh20l-graalvm17-ce-22.3.0/lib/libjava.so
7fea464af000-7fea464b0000 ---p 00024000 00:193f 4611686019135190028      /nix/store/gpxl5qgg8kicmcvivwmybwjlpf7wh20l-graalvm17-ce-22.3.0/lib/libjava.so
7fea464b0000-7fea464b1000 r--p 00024000 00:193f 4611686019135190028      /nix/store/gpxl5qgg8kicmcvivwmybwjlpf7wh20l-graalvm17-ce-22.3.0/lib/libjava.so
7fea464b1000-7fea464b2000 rw-p 00025000 00:193f 4611686019135190028      /nix/store/gpxl5qgg8kicmcvivwmybwjlpf7wh20l-graalvm17-ce-22.3.0/lib/libjava.so
7fea464b2000-7fea464b3000 rw-p 00000000 00:00 0 
7fea464b3000-7fea464ba000 rw-p 0002f000 00:193f 4611686019135190028      /nix/store/gpxl5qgg8kicmcvivwmybwjlpf7wh20l-graalvm17-ce-22.3.0/lib/libjava.so
7fea464ba000-7fea464c2000 rw-s 00000000 00:6d9 674                       /tmp/hsperfdata_runner/10696
7fea464c2000-7fea464c3000 ---p 00000000 00:00 0 
7fea464c3000-7fea464c4000 r--p 00000000 00:00 0 
7fea464c4000-7fea464c5000 rwxp 00000000 00:00 0 
7fea464c5000-7fea464e0000 r-xp 00000000 00:193f 4611686019135190032      /nix/store/gpxl5qgg8kicmcvivwmybwjlpf7wh20l-graalvm17-ce-22.3.0/lib/libjimage.so
7fea464e0000-7fea464e1000 ---p 0001b000 00:193f 4611686019135190032      /nix/store/gpxl5qgg8kicmcvivwmybwjlpf7wh20l-graalvm17-ce-22.3.0/lib/libjimage.so
7fea464e1000-7fea464e3000 r--p 0001b000 00:193f 4611686019135190032      /nix/store/gpxl5qgg8kicmcvivwmybwjlpf7wh20l-graalvm17-ce-22.3.0/lib/libjimage.so
7fea464e3000-7fea464e4000 rw-p 0001d000 00:193f 4611686019135190032      /nix/store/gpxl5qgg8kicmcvivwmybwjlpf7wh20l-graalvm17-ce-22.3.0/lib/libjimage.so
7fea464e4000-7fea464e5000 rw-p 00024000 00:193f 4611686019135190032      /nix/store/gpxl5qgg8kicmcvivwmybwjlpf7wh20l-graalvm17-ce-22.3.0/lib/libjimage.so
7fea464e5000-7fea464e9000 ---p 00000000 00:00 0 
7fea464e9000-7fea465e5000 rw-p 00000000 00:00 0 
7fea465e5000-7fea465f3000 r--p 00000000 00:193f 4611686019027979927      /nix/store/4nlgxhb09sdr51nc9hdm8az5b08vzkgx-glibc-2.35-163/lib/libm.so.6
7fea465f3000-7fea46666000 r-xp 0000e000 00:193f 4611686019027979927      /nix/store/4nlgxhb09sdr51nc9hdm8az5b08vzkgx-glibc-2.35-163/lib/libm.so.6
7fea46666000-7fea466c3000 r--p 00081000 00:193f 4611686019027979927      /nix/store/4nlgxhb09sdr51nc9hdm8az5b08vzkgx-glibc-2.35-163/lib/libm.so.6
7fea466c3000-7fea466c4000 r--p 000dd000 00:193f 4611686019027979927      /nix/store/4nlgxhb09sdr51nc9hdm8az5b08vzkgx-glibc-2.35-163/lib/libm.so.6
7fea466c4000-7fea466c5000 rw-p 000de000 00:193f 4611686019027979927      /nix/store/4nlgxhb09sdr51nc9hdm8az5b08vzkgx-glibc-2.35-163/lib/libm.so.6
7fea466c5000-7fea466c6000 r--p 00000000 00:193f 4611686019027979946      /nix/store/4nlgxhb09sdr51nc9hdm8az5b08vzkgx-glibc-2.35-163/lib/librt.so.1
7fea466c6000-7fea466c7000 r-xp 00001000 00:193f 4611686019027979946      /nix/store/4nlgxhb09sdr51nc9hdm8az5b08vzkgx-glibc-2.35-163/lib/librt.so.1
7fea466c7000-7fea466c8000 r--p 00002000 00:193f 4611686019027979946      /nix/store/4nlgxhb09sdr51nc9hdm8az5b08vzkgx-glibc-2.35-163/lib/librt.so.1
7fea466c8000-7fea466c9000 r--p 00002000 00:193f 4611686019027979946      /nix/store/4nlgxhb09sdr51nc9hdm8az5b08vzkgx-glibc-2.35-163/lib/librt.so.1
7fea466c9000-7fea466ca000 rw-p 00003000 00:193f 4611686019027979946      /nix/store/4nlgxhb09sdr51nc9hdm8az5b08vzkgx-glibc-2.35-163/lib/librt.so.1
7fea466ca000-7fea477dd000 r-xp 00000000 00:193f 4611686019135360866      /nix/store/gpxl5qgg8kicmcvivwmybwjlpf7wh20l-graalvm17-ce-22.3.0/lib/server/libjvm.so
7fea477dd000-7fea477de000 ---p 01113000 00:193f 4611686019135360866      /nix/store/gpxl5qgg8kicmcvivwmybwjlpf7wh20l-graalvm17-ce-22.3.0/lib/server/libjvm.so
7fea477de000-7fea47893000 r--p 01113000 00:193f 4611686019135360866      /nix/store/gpxl5qgg8kicmcvivwmybwjlpf7wh20l-graalvm17-ce-22.3.0/lib/server/libjvm.so
7fea47893000-7fea478c7000 rw-p 011c8000 00:193f 4611686019135360866      /nix/store/gpxl5qgg8kicmcvivwmybwjlpf7wh20l-graalvm17-ce-22.3.0/lib/server/libjvm.so
7fea478c7000-7fea47923000 rw-p 00000000 00:00 0 
7fea47923000-7fea4794b000 r--p 00000000 00:193f 4611686019027979918      /nix/store/4nlgxhb09sdr51nc9hdm8az5b08vzkgx-glibc-2.35-163/lib/libc.so.6
7fea4794b000-7fea47ac1000 r-xp 00028000 00:193f 4611686019027979918      /nix/store/4nlgxhb09sdr51nc9hdm8az5b08vzkgx-glibc-2.35-163/lib/libc.so.6
7fea47ac1000-7fea47b19000 r--p 0019e000 00:193f 4611686019027979918      /nix/store/4nlgxhb09sdr51nc9hdm8az5b08vzkgx-glibc-2.35-163/lib/libc.so.6
7fea47b19000-7fea47b1d000 r--p 001f6000 00:193f 4611686019027979918      /nix/store/4nlgxhb09sdr51nc9hdm8az5b08vzkgx-glibc-2.35-163/lib/libc.so.6
7fea47b1d000-7fea47b1f000 rw-p 001fa000 00:193f 4611686019027979918      /nix/store/4nlgxhb09sdr51nc9hdm8az5b08vzkgx-glibc-2.35-163/lib/libc.so.6
7fea47b1f000-7fea47b2e000 rw-p 00000000 00:00 0 
7fea47b2e000-7fea47b2f000 r--p 00000000 00:193f 4611686019027979923      /nix/store/4nlgxhb09sdr51nc9hdm8az5b08vzkgx-glibc-2.35-163/lib/libdl.so.2
7fea47b2f000-7fea47b30000 r-xp 00001000 00:193f 4611686019027979923      /nix/store/4nlgxhb09sdr51nc9hdm8az5b08vzkgx-glibc-2.35-163/lib/libdl.so.2
7fea47b30000-7fea47b31000 r--p 00002000 00:193f 4611686019027979923      /nix/store/4nlgxhb09sdr51nc9hdm8az5b08vzkgx-glibc-2.35-163/lib/libdl.so.2
7fea47b31000-7fea47b32000 r--p 00002000 00:193f 4611686019027979923      /nix/store/4nlgxhb09sdr51nc9hdm8az5b08vzkgx-glibc-2.35-163/lib/libdl.so.2
7fea47b32000-7fea47b33000 rw-p 00003000 00:193f 4611686019027979923      /nix/store/4nlgxhb09sdr51nc9hdm8az5b08vzkgx-glibc-2.35-163/lib/libdl.so.2
7fea47b33000-7fea47b34000 r--p 00000000 00:193f 4611686019027979942      /nix/store/4nlgxhb09sdr51nc9hdm8az5b08vzkgx-glibc-2.35-163/lib/libpthread.so.0
7fea47b34000-7fea47b35000 r-xp 00001000 00:193f 4611686019027979942      /nix/store/4nlgxhb09sdr51nc9hdm8az5b08vzkgx-glibc-2.35-163/lib/libpthread.so.0
7fea47b35000-7fea47b36000 r--p 00002000 00:193f 4611686019027979942      /nix/store/4nlgxhb09sdr51nc9hdm8az5b08vzkgx-glibc-2.35-163/lib/libpthread.so.0
7fea47b36000-7fea47b37000 r--p 00002000 00:193f 4611686019027979942      /nix/store/4nlgxhb09sdr51nc9hdm8az5b08vzkgx-glibc-2.35-163/lib/libpthread.so.0
7fea47b37000-7fea47b38000 rw-p 00003000 00:193f 4611686019027979942      /nix/store/4nlgxhb09sdr51nc9hdm8az5b08vzkgx-glibc-2.35-163/lib/libpthread.so.0
7fea47b38000-7fea47b46000 r-xp 00000000 00:193f 4611686019135190033      /nix/store/gpxl5qgg8kicmcvivwmybwjlpf7wh20l-graalvm17-ce-22.3.0/lib/libjli.so
7fea47b46000-7fea47b47000 ---p 0000e000 00:193f 4611686019135190033      /nix/store/gpxl5qgg8kicmcvivwmybwjlpf7wh20l-graalvm17-ce-22.3.0/lib/libjli.so
7fea47b47000-7fea47b48000 r--p 0000e000 00:193f 4611686019135190033      /nix/store/gpxl5qgg8kicmcvivwmybwjlpf7wh20l-graalvm17-ce-22.3.0/lib/libjli.so
7fea47b48000-7fea47b49000 rw-p 0000f000 00:193f 4611686019135190033      /nix/store/gpxl5qgg8kicmcvivwmybwjlpf7wh20l-graalvm17-ce-22.3.0/lib/libjli.so
7fea47b49000-7fea47b4a000 rw-p 00012000 00:193f 4611686019135190033      /nix/store/gpxl5qgg8kicmcvivwmybwjlpf7wh20l-graalvm17-ce-22.3.0/lib/libjli.so
7fea47b4a000-7fea47b4d000 r--p 00000000 00:193f 4611686019106210071      /nix/store/026hln0aq1hyshaxsdvhg0kmcm6yf45r-zlib-1.2.13/lib/libz.so.1.2.13
7fea47b4d000-7fea47b5f000 r-xp 00003000 00:193f 4611686019106210071      /nix/store/026hln0aq1hyshaxsdvhg0kmcm6yf45r-zlib-1.2.13/lib/libz.so.1.2.13
7fea47b5f000-7fea47b66000 r--p 00015000 00:193f 4611686019106210071      /nix/store/026hln0aq1hyshaxsdvhg0kmcm6yf45r-zlib-1.2.13/lib/libz.so.1.2.13
7fea47b66000-7fea47b67000 r--p 0001b000 00:193f 4611686019106210071      /nix/store/026hln0aq1hyshaxsdvhg0kmcm6yf45r-zlib-1.2.13/lib/libz.so.1.2.13
7fea47b67000-7fea47b68000 rw-p 0001c000 00:193f 4611686019106210071      /nix/store/026hln0aq1hyshaxsdvhg0kmcm6yf45r-zlib-1.2.13/lib/libz.so.1.2.13
7fea47b68000-7fea47b6a000 rw-p 00000000 00:00 0 
7fea47b6a000-7fea47b6c000 r--p 00000000 00:193f 4611686019027979912      /nix/store/4nlgxhb09sdr51nc9hdm8az5b08vzkgx-glibc-2.35-163/lib/ld-linux-x86-64.so.2
7fea47b6c000-7fea47b93000 r-xp 00002000 00:193f 4611686019027979912      /nix/store/4nlgxhb09sdr51nc9hdm8az5b08vzkgx-glibc-2.35-163/lib/ld-linux-x86-64.so.2
7fea47b93000-7fea47b9f000 r--p 00029000 00:193f 4611686019027979912      /nix/store/4nlgxhb09sdr51nc9hdm8az5b08vzkgx-glibc-2.35-163/lib/ld-linux-x86-64.so.2
7fea47b9f000-7fea47ba1000 r--p 00034000 00:193f 4611686019027979912      /nix/store/4nlgxhb09sdr51nc9hdm8az5b08vzkgx-glibc-2.35-163/lib/ld-linux-x86-64.so.2
7fea47ba1000-7fea47ba3000 rw-p 00036000 00:193f 4611686019027979912      /nix/store/4nlgxhb09sdr51nc9hdm8az5b08vzkgx-glibc-2.35-163/lib/ld-linux-x86-64.so.2
7ffff4f30000-7ffff4f55000 rw-p 00000000 00:00 0                          [stack]
7ffff4fa2000-7ffff4fa6000 r--p 00000000 00:00 0                          [vvar]
7ffff4fa6000-7ffff4fa8000 r-xp 00000000 00:00 0                          [vdso]
ffffffffff600000-ffffffffff601000 --xp 00000000 00:00 0                  [vsyscall]


VM Arguments:
jvm_args: -XX:ThreadPriorityPolicy=1 -XX:+UnlockExperimentalVMOptions -XX:+EnableJVMCIProduct -XX:JVMCIThreadsPerNativeLibraryRuntime=1 -XX:-UnlockExperimentalVMOptions -Declipse.application=org.eclipse.jdt.ls.core.id1 -Dosgi.bundles.defaultStartLevel=4 -Declipse.product=org.eclipse.jdt.ls.core.product -Dlog.level=ALL -Xverify:none -XX:+UseParallelGC -XX:GCTimeRatio=4 -XX:AdaptiveSizePolicyWeight=90 -Dsun.zip.disableMemoryMapping=true -Xmx512m -Xms100m 
java_command: /nix/store/m6gcpi1ii6rghy04cjwjddcavv7i90df-jdt-language-server-1.9.0/share/java/plugins/org.eclipse.equinox.launcher_1.6.400.v20210924-0641.jar --add-modules=ALL-SYSTEM --add-opens java.base/java.util=ALL-UNNAMED --add-opens java.base/java.lang=ALL-UNNAMED -configuration /home/runner/.cache/jdt-language-server/config -data /home/runner/.cache/jdt-language-server/data/home/runner/Quiz1Java
java_class_path (initial): /nix/store/m6gcpi1ii6rghy04cjwjddcavv7i90df-jdt-language-server-1.9.0/share/java/plugins/org.eclipse.equinox.launcher_1.6.400.v20210924-0641.jar
Launcher Type: SUN_STANDARD

[Global flags]
    uintx AdaptiveSizePolicyWeight                 = 90                                        {product} {command line}
     intx CICompilerCount                          = 2                                         {product} {ergonomic}
     bool EnableJVMCIProduct                       = true                                {JVMCI product} {jimage}
    uintx GCTimeRatio                              = 4                                         {product} {command line}
   size_t InitialHeapSize                          = 104857600                                 {product} {command line}
     uint JVMCIThreadsPerNativeLibraryRuntime      = 1                                   {JVMCI product} {jimage}
   size_t MaxHeapSize                              = 536870912                                 {product} {command line}
   size_t MaxNewSize                               = 178782208                                 {product} {ergonomic}
   size_t MinHeapDeltaBytes                        = 524288                                    {product} {ergonomic}
   size_t MinHeapSize                              = 104857600                                 {product} {command line}
   size_t NewSize                                  = 34603008                                  {product} {ergonomic}
    uintx NonNMethodCodeHeapSize                   = 5826188                                {pd product} {ergonomic}
    uintx NonProfiledCodeHeapSize                  = 122916026                              {pd product} {ergonomic}
   size_t OldSize                                  = 70254592                                  {product} {ergonomic}
    uintx ProfiledCodeHeapSize                     = 122916026                              {pd product} {ergonomic}
    uintx ReservedCodeCacheSize                    = 251658240                              {pd product} {ergonomic}
     bool SegmentedCodeCache                       = true                                      {product} {ergonomic}
   size_t SoftMaxHeapSize                          = 536870912                              {manageable} {ergonomic}
     intx ThreadPriorityPolicy                     = 1                                         {product} {jimage}
     bool UseCompressedClassPointers               = true                           {product lp64_product} {ergonomic}
     bool UseCompressedOops                        = true                           {product lp64_product} {ergonomic}
     bool UseParallelGC                            = true                                      {product} {command line}

Logging:
Log output configuration:
 #0: stdout all=warning uptime,level,tags
 #1: stderr all=off uptime,level,tags

Environment Variables:
JAVA_HOME=/nix/store/gpxl5qgg8kicmcvivwmybwjlpf7wh20l-graalvm17-ce-22.3.0
PATH=/nix/store/1d6ian3r8kdzspw8hacjhl3xkp40g1lj-binutils-wrapper-2.39/bin:/nix/store/dq0xwmsk1g0i2ayg6pb7y87na2knzylh-gcc-wrapper-11.3.0/bin:/nix/store/bap4d0lpcrhpwmpb8ayjcgkmvfj62lnq-bash-interactive-5.1-p16/bin:/nix/store/pr5n59mb4jzmfx6kanwxly0l07p861fg-patchelf-0.15.0/bin:/nix/store/1gf2flfqnpqbr1b4p4qz2f72y42bs56r-gcc-11.3.0/bin:/nix/store/57xv61c5zi8pphjbcwxxjlgc34p61ic9-glibc-2.35-163-bin/bin:/nix/store/a7gvj343m05j2s32xcnwr35v31ynlypr-coreutils-9.1/bin:/nix/store/039g378vc3pc3dvi9dzdlrd0i4q93qwf-binutils-2.39/bin:/nix/store/gpxl5qgg8kicmcvivwmybwjlpf7wh20l-graalvm17-ce-22.3.0/bin:/nix/store/6z9ag3ihc8mq2hzsw48lhbznvzny65nz-apache-maven-3.8.6/bin:/nix/store/m6gcpi1ii6rghy04cjwjddcavv7i90df-jdt-language-server-1.9.0/bin:/nix/store/84xs5alhs01zrbr4ywm05kxbjbp5590l-java-debug/bin:/nix/store/mydc6f4k2z73xlcz7ilif3v2lcaiqvza-findutils-4.9.0/bin:/nix/store/j9p3g8472iijd50vhdprx0nmk2fqn5gv-diffutils-3.8/bin:/nix/store/89zs7rms6x00xfq4dq6m7mjnhkr8a6r4-gnused-4.8/bin:/nix/store/86bp03jkmsl6f92w0yzg4s59g5mhxwmy-gnugrep-3.7/bin:/nix/store/hwcdqw4jrjnd37wxqgsd47hd0j8bnj09-gawk-5.1.1/bin:/nix/store/cfbhw8r8ags41vwqaz47r583d0p4h4a1-gnutar-1.34/bin:/nix/store/p3m1ndl1lapwrlh698bnb5lvvxh67378-gzip-1.12/bin:/nix/store/a8mhcagrsly7c7mpjrpsnaahk4aax056-bzip2-1.0.8-bin/bin:/nix/store/mblgz65m3zv9x548a3d5m96fj2pbwr09-gnumake-4.3/bin:/nix/store/dsd5gz46hdbdk2rfdimqddhq6m8m8fqs-bash-5.1-p16/bin:/nix/store/v7ljksji50mg3w61dykaa3n3y79n6nil-patch-2.7.6/bin:/nix/store/zlcnmqq14jz5x9439jf937mvayyl63da-xz-5.2.7-bin/bin:/nix/store/y6aj732zm9m87c82fpvf103a1xb22blp-file-5.43/bin:/nix/store/i4kzir3m7mrisxmf5xvlnkw01x4qaqr4-prybar-elisp-0.0.0-e0d9a52/bin:/nix/store/lwwivxf6h7x3cvxp9zv8sj0mv7dak99r-prybar-lua-0.0.0-e0d9a52/bin:/nix/store/gxj28g1cg4hq3qanmjv07156h800qr58-prybar-python3-0.0.0-e0d9a52/bin:/nix/store/hshkjnxrgidigf8x75vg6lqng2xlx9i3-prybar-sqlite-0.0.0-e0d9a52/bin:/nix/store/c4w01bpjgyy5ixmwdk8m1pw87zq4sl26-prybar-tcl-0.0.0-e0d9a52/bin:/nix/store/hpbvrlwd5viqmvcaisb3x0118i913a9n-st
LD_LIBRARY_PATH=/nix/store/a4pff549sk2idnkpzk5nsfps3mdkdnvm-cups-2.4.2-lib/lib:/nix/store/72mqxxhh3cy5yifh92wh2yb8cl2hikyy-cairo-1.16.0/lib:/nix/store/2k366jrbsra97gjfxwvrhvixjfxdach5-glib-2.74.1/lib:/nix/store/2j2znigd8ak37rlwh9khz0ry3clqlw1l-gtk+3-3.24.34/lib:/nix/store/hisqvx32cd57apbpcsnkpx6k3549wql1-libglvnd-1.4.0/lib:/nix/store/p36pgcv991mq5srvg765b78yqpxvk3qs-mesa-21.3.3-drivers/lib:/nix/store/mav4251if1ahjq5vkpwycyyvnmy459c4-pulseaudio-14.2/lib
DISPLAY=:0
LANG=en_US.UTF-8

Signal Handlers:
   SIGSEGV: crash_handler in libjvm.so, mask=11100100010111111101111111111110, flags=SA_RESTART|SA_SIGINFO
    SIGBUS: crash_handler in libjvm.so, mask=11100100010111111101111111111110, flags=SA_RESTART|SA_SIGINFO
    SIGFPE: crash_handler in libjvm.so, mask=11100100010111111101111111111110, flags=SA_RESTART|SA_SIGINFO
   SIGPIPE: IsolateEnterStub_IgnoreSIGPIPEStartupHook_noopSignalHandler_8f19bff2f35b5f630d83b364d6b2339320d4ec70_216e8361c6bc87a8f89f58cc10d3b2fd4415bf87 in libjvmcicompiler.so, mask=00000000000000000000000000000000, flags=SA_RESTART
  *** Handler was modified!
  *** Expected: javaSignalHandler in libjvm.so, mask=11100100110111111111111111111110, flags=SA_RESTART|SA_SIGINFO
   SIGXFSZ: javaSignalHandler in libjvm.so, mask=11100100010111111101111111111110, flags=SA_RESTART|SA_SIGINFO
    SIGILL: crash_handler in libjvm.so, mask=11100100010111111101111111111110, flags=SA_RESTART|SA_SIGINFO
   SIGUSR2: SR_handler in libjvm.so, mask=00000000000000000000000000000000, flags=SA_RESTART|SA_SIGINFO
    SIGHUP: UserHandler in libjvm.so, mask=11100100010111111101111111111110, flags=SA_RESTART|SA_SIGINFO
    SIGINT: UserHandler in libjvm.so, mask=11100100010111111101111111111110, flags=SA_RESTART|SA_SIGINFO
   SIGTERM: UserHandler in libjvm.so, mask=11100100010111111101111111111110, flags=SA_RESTART|SA_SIGINFO
   SIGQUIT: UserHandler in libjvm.so, mask=11100100010111111101111111111110, flags=SA_RESTART|SA_SIGINFO
  *** Handler was modified!
  *** Expected: javaSignalHandler in libjvm.so, mask=11100100110111111111111111111110, flags=SA_RESTART|SA_SIGINFO
   SIGTRAP: crash_handler in libjvm.so, mask=11100100010111111101111111111110, flags=SA_RESTART|SA_SIGINFO


---------------  S Y S T E M  ---------------

OS:
DISTRIB_ID=Ubuntu
DISTRIB_RELEASE=20.04
DISTRIB_CODENAME=focal
DISTRIB_DESCRIPTION="Ubuntu 20.04.2 LTS"
uname: Linux 5.15.0-1031-gcp #38~20.04.1-Ubuntu SMP Sun Mar 12 04:47:58 UTC 2023 x86_64
OS uptime: 0 days 17:17 hours
libc: glibc 2.35 NPTL 2.35 
rlimit (soft/hard): STACK 8192k/infinity , CORE infinity/infinity , NPROC infinity/infinity , NOFILE 5242/5242 , AS infinity/infinity , CPU infinity/infinity , DATA infinity/infinity , FSIZE infinity/infinity , MEMLOCK 64k/64k
load average: 14.14 13.59 14.51

/proc/meminfo:
MemTotal:       65852704 kB
MemFree:        11107608 kB
MemAvailable:   37843012 kB
Buffers:         3136136 kB
Cached:         21888996 kB
SwapCached:            0 kB
Active:         11678388 kB
Inactive:       37396788 kB
Active(anon):      16000 kB
Inactive(anon): 23853000 kB
Active(file):   11662388 kB
Inactive(file): 13543788 kB
Unevictable:       43028 kB
Mlocked:           43028 kB
SwapTotal:             0 kB
SwapFree:              0 kB
Dirty:              2660 kB
Writeback:             0 kB
AnonPages:      22373712 kB
Mapped:          1913428 kB
Shmem:             29724 kB
KReclaimable:    2255828 kB
Slab:            4577292 kB
SReclaimable:    2255828 kB
SUnreclaim:      2321464 kB
KernelStack:      410784 kB
PageTables:       200628 kB
NFS_Unstable:          0 kB
Bounce:                0 kB
WritebackTmp:          0 kB
CommitLimit:    32926352 kB
Committed_AS:   74279460 kB
VmallocTotal:   34359738367 kB
VmallocUsed:      464512 kB
VmallocChunk:          0 kB
Percpu:            81888 kB
HardwareCorrupted:     0 kB
AnonHugePages:   2985984 kB
ShmemHugePages:        0 kB
ShmemPmdMapped:        0 kB
FileHugePages:         0 kB
FilePmdMapped:         0 kB
HugePages_Total:       0
HugePages_Free:        0
HugePages_Rsvd:        0
HugePages_Surp:        0
Hugepagesize:       2048 kB
Hugetlb:               0 kB
DirectMap4k:     6320952 kB
DirectMap2M:    56590336 kB
DirectMap1G:     6291456 kB

/sys/kernel/mm/transparent_hugepage/enabled: always [madvise] never
/sys/kernel/mm/transparent_hugepage/defrag (defrag/compaction efforts parameter): always defer defer+madvise [madvise] never

Process Memory:
Virtual Size: 4314184K (peak: 4423468K)
Resident Set Size: 702984K (peak: 818280K) (anon: 510040K, file: 192944K, shmem: 0K)
Swapped out: 0K
C-Heap outstanding allocations: 38552K, retained: 15843K
glibc malloc tunables: (default)

/proc/sys/kernel/threads-max (system-wide limit on the number of threads): 514406
/proc/sys/vm/max_map_count (maximum number of memory map areas a process may have): 65530
/proc/sys/kernel/pid_max (system-wide limit on number of process identifiers): 4194304

container (cgroup) information:
container_type: cgroupv1
cpu_cpuset_cpus: 2-7
cpu_memory_nodes: 0
active_processor_count: 1
cpu_quota: 50000
cpu_period: 100000
cpu_shares: 512
memory_limit_in_bytes: 1048576 k
memory_and_swap_limit_in_bytes: 1048576 k
memory_soft_limit_in_bytes: 524288 k
memory_usage_in_bytes: 548912 k
memory_max_usage_in_bytes: 1048576 k
maximum number of tasks: 1000
current number of tasks: 46

KVM virtualization detected
Steal ticks since vm start: 0
Steal ticks percentage since vm start:  0.000

CPU: total 8 (initial active 1) (8 cores per cpu, 2 threads per core) family 23 model 49 stepping 0 microcode 0xffffffff, cx8, cmov, fxsr, ht, mmx, 3dnowpref, sse, sse2, sse3, ssse3, sse4a, sse4.1, sse4.2, popcnt, lzcnt, tsc, tscinvbit, avx, avx2, aes, clmul, bmi1, bmi2, adx, sha, fma, vzeroupper, clflush, clflushopt, hv
CPU Model and flags from /proc/cpuinfo:
model name	: AMD EPYC 7B12
flags		: fpu vme de pse tsc msr pae mce cx8 apic sep mtrr pge mca cmov pat pse36 clflush mmx fxsr sse sse2 ht syscall nx mmxext fxsr_opt pdpe1gb rdtscp lm constant_tsc rep_good nopl nonstop_tsc cpuid extd_apicid tsc_known_freq pni pclmulqdq ssse3 fma cx16 sse4_1 sse4_2 movbe popcnt aes xsave avx f16c rdrand hypervisor lahf_lm cmp_legacy cr8_legacy abm sse4a misalignsse 3dnowprefetch osvw topoext ssbd ibrs ibpb stibp vmmcall fsgsbase tsc_adjust bmi1 avx2 smep bmi2 rdseed adx smap clflushopt clwb sha_ni xsaveopt xsavec xgetbv1 clzero xsaveerptr arat npt nrip_save umip rdpid

Online cpus: 0-7
Offline cpus: 
BIOS frequency limitation: <Not Available>
Frequency switch latency (ns): <Not Available>
Available cpu frequencies: <Not Available>
Current governor: <Not Available>
Core performance/turbo boost: <Not Available>

Memory: 4k page, physical 1048576k(499656k free), swap 0k(0k free)
Page Sizes: 4k

vm_info: OpenJDK 64-Bit Server VM (17.0.5+8-jvmci-22.3-b08) for linux-amd64 JRE (17.0.5+8-jvmci-22.3-b08), built on Oct 19 2022 09:01:27 by "buildslave" with gcc 10.3.0

END.
